CRITICAL - 2023-04-18 15:38:08 --> view(): Argument #2 ($data) must be of type array, stdClass given, called in /var/www/htdocs/demo/app/Controllers/Home.php on line 80
in SYSTEMPATH/Common.php on line 1172.
 1 APPPATH/Controllers/Home.php(80): view()
 2 SYSTEMPATH/CodeIgniter.php(934): App\Controllers\Home->profile()
 3 SYSTEMPATH/CodeIgniter.php(499): CodeIgniter\CodeIgniter->runController()
 4 SYSTEMPATH/CodeIgniter.php(368): CodeIgniter\CodeIgniter->handleRequest()
 5 FCPATH/index.php(67): CodeIgniter\CodeIgniter->run()
CRITICAL - 2023-04-18 15:38:46 --> Object of class stdClass could not be converted to string
in APPPATH/Views/profile.php on line 12.
 1 SYSTEMPATH/View/View.php(213): include()
 2 SYSTEMPATH/View/View.php(216): CodeIgniter\View\View->CodeIgniter\View\{closure}()
 3 SYSTEMPATH/Common.php(1184): CodeIgniter\View\View->render()
 4 APPPATH/Controllers/Home.php(80): view()
 5 SYSTEMPATH/CodeIgniter.php(934): App\Controllers\Home->profile()
 6 SYSTEMPATH/CodeIgniter.php(499): CodeIgniter\CodeIgniter->runController()
 7 SYSTEMPATH/CodeIgniter.php(368): CodeIgniter\CodeIgniter->handleRequest()
 8 FCPATH/index.php(67): CodeIgniter\CodeIgniter->run()
CRITICAL - 2023-04-18 15:39:36 --> Object of class stdClass could not be converted to string
in APPPATH/Views/profile.php on line 12.
 1 SYSTEMPATH/View/View.php(213): include()
 2 SYSTEMPATH/View/View.php(216): CodeIgniter\View\View->CodeIgniter\View\{closure}()
 3 SYSTEMPATH/Common.php(1184): CodeIgniter\View\View->render()
 4 APPPATH/Controllers/Home.php(81): view()
 5 SYSTEMPATH/CodeIgniter.php(934): App\Controllers\Home->profile()
 6 SYSTEMPATH/CodeIgniter.php(499): CodeIgniter\CodeIgniter->runController()
 7 SYSTEMPATH/CodeIgniter.php(368): CodeIgniter\CodeIgniter->handleRequest()
 8 FCPATH/index.php(67): CodeIgniter\CodeIgniter->run()
CRITICAL - 2023-04-18 15:39:38 --> Object of class stdClass could not be converted to string
in APPPATH/Views/profile.php on line 12.
 1 SYSTEMPATH/View/View.php(213): include()
 2 SYSTEMPATH/View/View.php(216): CodeIgniter\View\View->CodeIgniter\View\{closure}()
 3 SYSTEMPATH/Common.php(1184): CodeIgniter\View\View->render()
 4 APPPATH/Controllers/Home.php(81): view()
 5 SYSTEMPATH/CodeIgniter.php(934): App\Controllers\Home->profile()
 6 SYSTEMPATH/CodeIgniter.php(499): CodeIgniter\CodeIgniter->runController()
 7 SYSTEMPATH/CodeIgniter.php(368): CodeIgniter\CodeIgniter->handleRequest()
 8 FCPATH/index.php(67): CodeIgniter\CodeIgniter->run()
CRITICAL - 2023-04-18 15:42:37 --> Object of class stdClass could not be converted to string
in APPPATH/Views/profile.php on line 16.
 1 SYSTEMPATH/View/View.php(213): include()
 2 SYSTEMPATH/View/View.php(216): CodeIgniter\View\View->CodeIgniter\View\{closure}()
 3 SYSTEMPATH/Common.php(1184): CodeIgniter\View\View->render()
 4 APPPATH/Controllers/Home.php(81): view()
 5 SYSTEMPATH/CodeIgniter.php(934): App\Controllers\Home->profile()
 6 SYSTEMPATH/CodeIgniter.php(499): CodeIgniter\CodeIgniter->runController()
 7 SYSTEMPATH/CodeIgniter.php(368): CodeIgniter\CodeIgniter->handleRequest()
 8 FCPATH/index.php(67): CodeIgniter\CodeIgniter->run()
CRITICAL - 2023-04-18 15:42:38 --> Object of class stdClass could not be converted to string
in APPPATH/Views/profile.php on line 16.
 1 SYSTEMPATH/View/View.php(213): include()
 2 SYSTEMPATH/View/View.php(216): CodeIgniter\View\View->CodeIgniter\View\{closure}()
 3 SYSTEMPATH/Common.php(1184): CodeIgniter\View\View->render()
 4 APPPATH/Controllers/Home.php(81): view()
 5 SYSTEMPATH/CodeIgniter.php(934): App\Controllers\Home->profile()
 6 SYSTEMPATH/CodeIgniter.php(499): CodeIgniter\CodeIgniter->runController()
 7 SYSTEMPATH/CodeIgniter.php(368): CodeIgniter\CodeIgniter->handleRequest()
 8 FCPATH/index.php(67): CodeIgniter\CodeIgniter->run()
CRITICAL - 2023-04-18 15:42:42 --> Object of class stdClass could not be converted to string
in APPPATH/Views/profile.php on line 16.
 1 SYSTEMPATH/View/View.php(213): include()
 2 SYSTEMPATH/View/View.php(216): CodeIgniter\View\View->CodeIgniter\View\{closure}()
 3 SYSTEMPATH/Common.php(1184): CodeIgniter\View\View->render()
 4 APPPATH/Controllers/Home.php(81): view()
 5 SYSTEMPATH/CodeIgniter.php(934): App\Controllers\Home->profile()
 6 SYSTEMPATH/CodeIgniter.php(499): CodeIgniter\CodeIgniter->runController()
 7 SYSTEMPATH/CodeIgniter.php(368): CodeIgniter\CodeIgniter->handleRequest()
 8 FCPATH/index.php(67): CodeIgniter\CodeIgniter->run()
CRITICAL - 2023-04-18 15:43:40 --> Array to string conversion
in APPPATH/Controllers/Home.php on line 82.
 1 APPPATH/Controllers/Home.php(82): CodeIgniter\Debug\Exceptions->errorHandler()
 2 SYSTEMPATH/CodeIgniter.php(934): App\Controllers\Home->profile()
 3 SYSTEMPATH/CodeIgniter.php(499): CodeIgniter\CodeIgniter->runController()
 4 SYSTEMPATH/CodeIgniter.php(368): CodeIgniter\CodeIgniter->handleRequest()
 5 FCPATH/index.php(67): CodeIgniter\CodeIgniter->run()
CRITICAL - 2023-04-18 15:43:42 --> Array to string conversion
in APPPATH/Controllers/Home.php on line 82.
 1 APPPATH/Controllers/Home.php(82): CodeIgniter\Debug\Exceptions->errorHandler()
 2 SYSTEMPATH/CodeIgniter.php(934): App\Controllers\Home->profile()
 3 SYSTEMPATH/CodeIgniter.php(499): CodeIgniter\CodeIgniter->runController()
 4 SYSTEMPATH/CodeIgniter.php(368): CodeIgniter\CodeIgniter->handleRequest()
 5 FCPATH/index.php(67): CodeIgniter\CodeIgniter->run()
CRITICAL - 2023-04-18 15:44:10 --> Undefined array key "id"
in APPPATH/Controllers/Home.php on line 82.
 1 APPPATH/Controllers/Home.php(82): CodeIgniter\Debug\Exceptions->errorHandler()
 2 SYSTEMPATH/CodeIgniter.php(934): App\Controllers\Home->profile()
 3 SYSTEMPATH/CodeIgniter.php(499): CodeIgniter\CodeIgniter->runController()
 4 SYSTEMPATH/CodeIgniter.php(368): CodeIgniter\CodeIgniter->handleRequest()
 5 FCPATH/index.php(67): CodeIgniter\CodeIgniter->run()
CRITICAL - 2023-04-18 15:44:27 --> Undefined array key "username"
in APPPATH/Controllers/Home.php on line 82.
 1 APPPATH/Controllers/Home.php(82): CodeIgniter\Debug\Exceptions->errorHandler()
 2 SYSTEMPATH/CodeIgniter.php(934): App\Controllers\Home->profile()
 3 SYSTEMPATH/CodeIgniter.php(499): CodeIgniter\CodeIgniter->runController()
 4 SYSTEMPATH/CodeIgniter.php(368): CodeIgniter\CodeIgniter->handleRequest()
 5 FCPATH/index.php(67): CodeIgniter\CodeIgniter->run()
CRITICAL - 2023-04-18 15:44:51 --> Cannot use object of type stdClass as array
in APPPATH/Controllers/Home.php on line 82.
 1 SYSTEMPATH/CodeIgniter.php(934): App\Controllers\Home->profile()
 2 SYSTEMPATH/CodeIgniter.php(499): CodeIgniter\CodeIgniter->runController()
 3 SYSTEMPATH/CodeIgniter.php(368): CodeIgniter\CodeIgniter->handleRequest()
 4 FCPATH/index.php(67): CodeIgniter\CodeIgniter->run()
CRITICAL - 2023-04-18 15:46:46 --> Cannot use object of type stdClass as array
in APPPATH/Controllers/Home.php on line 82.
 1 SYSTEMPATH/CodeIgniter.php(934): App\Controllers\Home->profile()
 2 SYSTEMPATH/CodeIgniter.php(499): CodeIgniter\CodeIgniter->runController()
 3 SYSTEMPATH/CodeIgniter.php(368): CodeIgniter\CodeIgniter->handleRequest()
 4 FCPATH/index.php(67): CodeIgniter\CodeIgniter->run()
CRITICAL - 2023-04-18 15:48:00 --> Cannot use object of type stdClass as array
in APPPATH/Controllers/Home.php on line 82.
 1 SYSTEMPATH/CodeIgniter.php(934): App\Controllers\Home->profile()
 2 SYSTEMPATH/CodeIgniter.php(499): CodeIgniter\CodeIgniter->runController()
 3 SYSTEMPATH/CodeIgniter.php(368): CodeIgniter\CodeIgniter->handleRequest()
 4 FCPATH/index.php(67): CodeIgniter\CodeIgniter->run()
CRITICAL - 2023-04-18 15:48:02 --> Cannot use object of type stdClass as array
in APPPATH/Controllers/Home.php on line 82.
 1 SYSTEMPATH/CodeIgniter.php(934): App\Controllers\Home->profile()
 2 SYSTEMPATH/CodeIgniter.php(499): CodeIgniter\CodeIgniter->runController()
 3 SYSTEMPATH/CodeIgniter.php(368): CodeIgniter\CodeIgniter->handleRequest()
 4 FCPATH/index.php(67): CodeIgniter\CodeIgniter->run()
CRITICAL - 2023-04-18 15:48:20 --> Cannot use object of type stdClass as array
in APPPATH/Controllers/Home.php on line 84.
 1 SYSTEMPATH/CodeIgniter.php(934): App\Controllers\Home->profile()
 2 SYSTEMPATH/CodeIgniter.php(499): CodeIgniter\CodeIgniter->runController()
 3 SYSTEMPATH/CodeIgniter.php(368): CodeIgniter\CodeIgniter->handleRequest()
 4 FCPATH/index.php(67): CodeIgniter\CodeIgniter->run()
CRITICAL - 2023-04-18 15:49:11 --> Cannot use object of type stdClass as array
in APPPATH/Controllers/Home.php on line 84.
 1 SYSTEMPATH/CodeIgniter.php(934): App\Controllers\Home->profile()
 2 SYSTEMPATH/CodeIgniter.php(499): CodeIgniter\CodeIgniter->runController()
 3 SYSTEMPATH/CodeIgniter.php(368): CodeIgniter\CodeIgniter->handleRequest()
 4 FCPATH/index.php(67): CodeIgniter\CodeIgniter->run()
CRITICAL - 2023-04-18 15:49:24 --> Object of class stdClass could not be converted to string
in APPPATH/Controllers/Home.php on line 84.
 1 SYSTEMPATH/CodeIgniter.php(934): App\Controllers\Home->profile()
 2 SYSTEMPATH/CodeIgniter.php(499): CodeIgniter\CodeIgniter->runController()
 3 SYSTEMPATH/CodeIgniter.php(368): CodeIgniter\CodeIgniter->handleRequest()
 4 FCPATH/index.php(67): CodeIgniter\CodeIgniter->run()
CRITICAL - 2023-04-18 15:50:04 --> view(): Argument #2 ($data) must be of type array, string given, called in /var/www/htdocs/demo/app/Controllers/Home.php on line 83
in SYSTEMPATH/Common.php on line 1172.
 1 APPPATH/Controllers/Home.php(83): view()
 2 SYSTEMPATH/CodeIgniter.php(934): App\Controllers\Home->profile()
 3 SYSTEMPATH/CodeIgniter.php(499): CodeIgniter\CodeIgniter->runController()
 4 SYSTEMPATH/CodeIgniter.php(368): CodeIgniter\CodeIgniter->handleRequest()
 5 FCPATH/index.php(67): CodeIgniter\CodeIgniter->run()
CRITICAL - 2023-04-18 15:51:07 --> view(): Argument #2 ($data) must be of type array, string given, called in /var/www/htdocs/demo/app/Controllers/Home.php on line 88
in SYSTEMPATH/Common.php on line 1172.
 1 APPPATH/Controllers/Home.php(88): view()
 2 SYSTEMPATH/CodeIgniter.php(934): App\Controllers\Home->profile()
 3 SYSTEMPATH/CodeIgniter.php(499): CodeIgniter\CodeIgniter->runController()
 4 SYSTEMPATH/CodeIgniter.php(368): CodeIgniter\CodeIgniter->handleRequest()
 5 FCPATH/index.php(67): CodeIgniter\CodeIgniter->run()
CRITICAL - 2023-04-18 15:52:29 --> view(): Argument #2 ($data) must be of type array, string given, called in /var/www/htdocs/demo/app/Controllers/Home.php on line 88
in SYSTEMPATH/Common.php on line 1172.
 1 APPPATH/Controllers/Home.php(88): view()
 2 SYSTEMPATH/CodeIgniter.php(934): App\Controllers\Home->profile()
 3 SYSTEMPATH/CodeIgniter.php(499): CodeIgniter\CodeIgniter->runController()
 4 SYSTEMPATH/CodeIgniter.php(368): CodeIgniter\CodeIgniter->handleRequest()
 5 FCPATH/index.php(67): CodeIgniter\CodeIgniter->run()
CRITICAL - 2023-04-18 16:17:29 --> Cannot use object of type stdClass as array
in APPPATH/Controllers/Home.php on line 96.
 1 SYSTEMPATH/CodeIgniter.php(934): App\Controllers\Home->profile()
 2 SYSTEMPATH/CodeIgniter.php(499): CodeIgniter\CodeIgniter->runController()
 3 SYSTEMPATH/CodeIgniter.php(368): CodeIgniter\CodeIgniter->handleRequest()
 4 FCPATH/index.php(67): CodeIgniter\CodeIgniter->run()
ERROR - 2023-04-18 16:28:21 --> mysqli_sql_exception: Cannot delete or update a parent row: a foreign key constraint fails (`demo`.`comment`, CONSTRAINT `FK_PostUser` FOREIGN KEY (`username`) REFERENCES `user` (`username`)) in /var/www/htdocs/demo/system/Database/MySQLi/Connection.php:295
Stack trace:
#0 /var/www/htdocs/demo/system/Database/MySQLi/Connection.php(295): mysqli->query()
#1 /var/www/htdocs/demo/system/Database/BaseConnection.php(691): CodeIgniter\Database\MySQLi\Connection->execute()
#2 /var/www/htdocs/demo/system/Database/BaseConnection.php(605): CodeIgniter\Database\BaseConnection->simpleQuery()
#3 /var/www/htdocs/demo/system/Database/BaseBuilder.php(2397): CodeIgniter\Database\BaseConnection->query()
#4 /var/www/htdocs/demo/app/Models/User_model.php(85): CodeIgniter\Database\BaseBuilder->replace()
#5 /var/www/htdocs/demo/app/Controllers/Home.php(93): App\Models\User_model->update_details()
#6 /var/www/htdocs/demo/system/CodeIgniter.php(934): App\Controllers\Home->profile()
#7 /var/www/htdocs/demo/system/CodeIgniter.php(499): CodeIgniter\CodeIgniter->runController()
#8 /var/www/htdocs/demo/system/CodeIgniter.php(368): CodeIgniter\CodeIgniter->handleRequest()
#9 /var/www/htdocs/demo/public/index.php(67): CodeIgniter\CodeIgniter->run()
#10 {main}
CRITICAL - 2023-04-18 16:28:21 --> Cannot delete or update a parent row: a foreign key constraint fails (`demo`.`comment`, CONSTRAINT `FK_PostUser` FOREIGN KEY (`username`) REFERENCES `user` (`username`))
in SYSTEMPATH/Database/BaseConnection.php on line 645.
 1 SYSTEMPATH/Database/BaseBuilder.php(2397): CodeIgniter\Database\BaseConnection->query()
 2 APPPATH/Models/User_model.php(85): CodeIgniter\Database\BaseBuilder->replace()
 3 APPPATH/Controllers/Home.php(93): App\Models\User_model->update_details()
 4 SYSTEMPATH/CodeIgniter.php(934): App\Controllers\Home->profile()
 5 SYSTEMPATH/CodeIgniter.php(499): CodeIgniter\CodeIgniter->runController()
 6 SYSTEMPATH/CodeIgniter.php(368): CodeIgniter\CodeIgniter->handleRequest()
 7 FCPATH/index.php(67): CodeIgniter\CodeIgniter->run()
CRITICAL - 2023-04-18 16:36:52 --> Invalid file: "update_profile.php"
in SYSTEMPATH/Exceptions/FrameworkException.php on line 33.
 1 SYSTEMPATH/View/View.php(201): CodeIgniter\Exceptions\FrameworkException::forInvalidFile()
 2 SYSTEMPATH/Common.php(1184): CodeIgniter\View\View->render()
 3 APPPATH/Controllers/Home.php(110): view()
 4 SYSTEMPATH/CodeIgniter.php(934): App\Controllers\Home->update_profile()
 5 SYSTEMPATH/CodeIgniter.php(499): CodeIgniter\CodeIgniter->runController()
 6 SYSTEMPATH/CodeIgniter.php(368): CodeIgniter\CodeIgniter->handleRequest()
 7 FCPATH/index.php(67): CodeIgniter\CodeIgniter->run()
