CRITICAL - 2023-05-15 17:13:36 --> Array to string conversion
in APPPATH/Models/Email_model.php on line 46.
 1 APPPATH/Models/Email_model.php(46): CodeIgniter\Debug\Exceptions->errorHandler()
 2 APPPATH/Controllers/CreateAccount.php(47): App\Models\Email_model->send_verification()
 3 SYSTEMPATH/CodeIgniter.php(934): App\Controllers\CreateAccount->create_account()
 4 SYSTEMPATH/CodeIgniter.php(499): CodeIgniter\CodeIgniter->runController()
 5 SYSTEMPATH/CodeIgniter.php(368): CodeIgniter\CodeIgniter->handleRequest()
 6 FCPATH/index.php(67): CodeIgniter\CodeIgniter->run()
CRITICAL - 2023-05-15 17:23:54 --> Array to string conversion
in APPPATH/Models/Email_model.php on line 46.
 1 APPPATH/Models/Email_model.php(46): CodeIgniter\Debug\Exceptions->errorHandler()
 2 APPPATH/Controllers/CreateAccount.php(47): App\Models\Email_model->send_verification()
 3 SYSTEMPATH/CodeIgniter.php(934): App\Controllers\CreateAccount->create_account()
 4 SYSTEMPATH/CodeIgniter.php(499): CodeIgniter\CodeIgniter->runController()
 5 SYSTEMPATH/CodeIgniter.php(368): CodeIgniter\CodeIgniter->handleRequest()
 6 FCPATH/index.php(67): CodeIgniter\CodeIgniter->run()
CRITICAL - 2023-05-15 17:37:36 --> Undefined array key 6
in APPPATH/Models/Calender_model.php on line 22.
 1 APPPATH/Models/Calender_model.php(22): CodeIgniter\Debug\Exceptions->errorHandler()
 2 APPPATH/Views/template/header.php(65): App\Models\Calender_model->calender()
 3 SYSTEMPATH/View/View.php(213): include('APPPATH/Views/template/header.php')
 4 SYSTEMPATH/View/View.php(216): CodeIgniter\View\View->CodeIgniter\View\{closure}()
 5 SYSTEMPATH/Common.php(1184): CodeIgniter\View\View->render()
 6 APPPATH/Controllers/Calender_todo.php(9): view()
 7 SYSTEMPATH/CodeIgniter.php(934): App\Controllers\Calender_todo->index()
 8 SYSTEMPATH/CodeIgniter.php(499): CodeIgniter\CodeIgniter->runController()
 9 SYSTEMPATH/CodeIgniter.php(368): CodeIgniter\CodeIgniter->handleRequest()
10 FCPATH/index.php(67): CodeIgniter\CodeIgniter->run()
ERROR - 2023-05-15 18:17:39 --> mysqli_sql_exception: Operand should contain 1 column(s) in /var/www/htdocs/demo/system/Database/MySQLi/Connection.php:295
Stack trace:
#0 /var/www/htdocs/demo/system/Database/MySQLi/Connection.php(295): mysqli->query()
#1 /var/www/htdocs/demo/system/Database/BaseConnection.php(691): CodeIgniter\Database\MySQLi\Connection->execute()
#2 /var/www/htdocs/demo/system/Database/BaseConnection.php(605): CodeIgniter\Database\BaseConnection->simpleQuery()
#3 /var/www/htdocs/demo/system/Database/BaseBuilder.php(1616): CodeIgniter\Database\BaseConnection->query()
#4 /var/www/htdocs/demo/app/Models/Forum_model.php(112): CodeIgniter\Database\BaseBuilder->get()
#5 /var/www/htdocs/demo/app/Controllers/Main.php(160): App\Models\Forum_model->like()
#6 /var/www/htdocs/demo/system/CodeIgniter.php(934): App\Controllers\Main->like_unlike()
#7 /var/www/htdocs/demo/system/CodeIgniter.php(499): CodeIgniter\CodeIgniter->runController()
#8 /var/www/htdocs/demo/system/CodeIgniter.php(368): CodeIgniter\CodeIgniter->handleRequest()
#9 /var/www/htdocs/demo/public/index.php(67): CodeIgniter\CodeIgniter->run()
#10 {main}
CRITICAL - 2023-05-15 18:17:39 --> Operand should contain 1 column(s)
in SYSTEMPATH/Database/BaseConnection.php on line 645.
 1 SYSTEMPATH/Database/BaseBuilder.php(1616): CodeIgniter\Database\BaseConnection->query()
 2 APPPATH/Models/Forum_model.php(112): CodeIgniter\Database\BaseBuilder->get()
 3 APPPATH/Controllers/Main.php(160): App\Models\Forum_model->like()
 4 SYSTEMPATH/CodeIgniter.php(934): App\Controllers\Main->like_unlike()
 5 SYSTEMPATH/CodeIgniter.php(499): CodeIgniter\CodeIgniter->runController()
 6 SYSTEMPATH/CodeIgniter.php(368): CodeIgniter\CodeIgniter->handleRequest()
 7 FCPATH/index.php(67): CodeIgniter\CodeIgniter->run()
ERROR - 2023-05-15 18:17:40 --> mysqli_sql_exception: Operand should contain 1 column(s) in /var/www/htdocs/demo/system/Database/MySQLi/Connection.php:295
Stack trace:
#0 /var/www/htdocs/demo/system/Database/MySQLi/Connection.php(295): mysqli->query()
#1 /var/www/htdocs/demo/system/Database/BaseConnection.php(691): CodeIgniter\Database\MySQLi\Connection->execute()
#2 /var/www/htdocs/demo/system/Database/BaseConnection.php(605): CodeIgniter\Database\BaseConnection->simpleQuery()
#3 /var/www/htdocs/demo/system/Database/BaseBuilder.php(1616): CodeIgniter\Database\BaseConnection->query()
#4 /var/www/htdocs/demo/app/Models/Forum_model.php(112): CodeIgniter\Database\BaseBuilder->get()
#5 /var/www/htdocs/demo/app/Controllers/Main.php(160): App\Models\Forum_model->like()
#6 /var/www/htdocs/demo/system/CodeIgniter.php(934): App\Controllers\Main->like_unlike()
#7 /var/www/htdocs/demo/system/CodeIgniter.php(499): CodeIgniter\CodeIgniter->runController()
#8 /var/www/htdocs/demo/system/CodeIgniter.php(368): CodeIgniter\CodeIgniter->handleRequest()
#9 /var/www/htdocs/demo/public/index.php(67): CodeIgniter\CodeIgniter->run()
#10 {main}
CRITICAL - 2023-05-15 18:17:40 --> Operand should contain 1 column(s)
in SYSTEMPATH/Database/BaseConnection.php on line 645.
 1 SYSTEMPATH/Database/BaseBuilder.php(1616): CodeIgniter\Database\BaseConnection->query()
 2 APPPATH/Models/Forum_model.php(112): CodeIgniter\Database\BaseBuilder->get()
 3 APPPATH/Controllers/Main.php(160): App\Models\Forum_model->like()
 4 SYSTEMPATH/CodeIgniter.php(934): App\Controllers\Main->like_unlike()
 5 SYSTEMPATH/CodeIgniter.php(499): CodeIgniter\CodeIgniter->runController()
 6 SYSTEMPATH/CodeIgniter.php(368): CodeIgniter\CodeIgniter->handleRequest()
 7 FCPATH/index.php(67): CodeIgniter\CodeIgniter->run()
ERROR - 2023-05-15 18:17:40 --> mysqli_sql_exception: Operand should contain 1 column(s) in /var/www/htdocs/demo/system/Database/MySQLi/Connection.php:295
Stack trace:
#0 /var/www/htdocs/demo/system/Database/MySQLi/Connection.php(295): mysqli->query()
#1 /var/www/htdocs/demo/system/Database/BaseConnection.php(691): CodeIgniter\Database\MySQLi\Connection->execute()
#2 /var/www/htdocs/demo/system/Database/BaseConnection.php(605): CodeIgniter\Database\BaseConnection->simpleQuery()
#3 /var/www/htdocs/demo/system/Database/BaseBuilder.php(1616): CodeIgniter\Database\BaseConnection->query()
#4 /var/www/htdocs/demo/app/Models/Forum_model.php(112): CodeIgniter\Database\BaseBuilder->get()
#5 /var/www/htdocs/demo/app/Controllers/Main.php(160): App\Models\Forum_model->like()
#6 /var/www/htdocs/demo/system/CodeIgniter.php(934): App\Controllers\Main->like_unlike()
#7 /var/www/htdocs/demo/system/CodeIgniter.php(499): CodeIgniter\CodeIgniter->runController()
#8 /var/www/htdocs/demo/system/CodeIgniter.php(368): CodeIgniter\CodeIgniter->handleRequest()
#9 /var/www/htdocs/demo/public/index.php(67): CodeIgniter\CodeIgniter->run()
#10 {main}
CRITICAL - 2023-05-15 18:17:40 --> Operand should contain 1 column(s)
in SYSTEMPATH/Database/BaseConnection.php on line 645.
 1 SYSTEMPATH/Database/BaseBuilder.php(1616): CodeIgniter\Database\BaseConnection->query()
 2 APPPATH/Models/Forum_model.php(112): CodeIgniter\Database\BaseBuilder->get()
 3 APPPATH/Controllers/Main.php(160): App\Models\Forum_model->like()
 4 SYSTEMPATH/CodeIgniter.php(934): App\Controllers\Main->like_unlike()
 5 SYSTEMPATH/CodeIgniter.php(499): CodeIgniter\CodeIgniter->runController()
 6 SYSTEMPATH/CodeIgniter.php(368): CodeIgniter\CodeIgniter->handleRequest()
 7 FCPATH/index.php(67): CodeIgniter\CodeIgniter->run()
ERROR - 2023-05-15 18:17:40 --> mysqli_sql_exception: Operand should contain 1 column(s) in /var/www/htdocs/demo/system/Database/MySQLi/Connection.php:295
Stack trace:
#0 /var/www/htdocs/demo/system/Database/MySQLi/Connection.php(295): mysqli->query()
#1 /var/www/htdocs/demo/system/Database/BaseConnection.php(691): CodeIgniter\Database\MySQLi\Connection->execute()
#2 /var/www/htdocs/demo/system/Database/BaseConnection.php(605): CodeIgniter\Database\BaseConnection->simpleQuery()
#3 /var/www/htdocs/demo/system/Database/BaseBuilder.php(1616): CodeIgniter\Database\BaseConnection->query()
#4 /var/www/htdocs/demo/app/Models/Forum_model.php(112): CodeIgniter\Database\BaseBuilder->get()
#5 /var/www/htdocs/demo/app/Controllers/Main.php(160): App\Models\Forum_model->like()
#6 /var/www/htdocs/demo/system/CodeIgniter.php(934): App\Controllers\Main->like_unlike()
#7 /var/www/htdocs/demo/system/CodeIgniter.php(499): CodeIgniter\CodeIgniter->runController()
#8 /var/www/htdocs/demo/system/CodeIgniter.php(368): CodeIgniter\CodeIgniter->handleRequest()
#9 /var/www/htdocs/demo/public/index.php(67): CodeIgniter\CodeIgniter->run()
#10 {main}
CRITICAL - 2023-05-15 18:17:40 --> Operand should contain 1 column(s)
in SYSTEMPATH/Database/BaseConnection.php on line 645.
 1 SYSTEMPATH/Database/BaseBuilder.php(1616): CodeIgniter\Database\BaseConnection->query()
 2 APPPATH/Models/Forum_model.php(112): CodeIgniter\Database\BaseBuilder->get()
 3 APPPATH/Controllers/Main.php(160): App\Models\Forum_model->like()
 4 SYSTEMPATH/CodeIgniter.php(934): App\Controllers\Main->like_unlike()
 5 SYSTEMPATH/CodeIgniter.php(499): CodeIgniter\CodeIgniter->runController()
 6 SYSTEMPATH/CodeIgniter.php(368): CodeIgniter\CodeIgniter->handleRequest()
 7 FCPATH/index.php(67): CodeIgniter\CodeIgniter->run()
ERROR - 2023-05-15 18:17:41 --> mysqli_sql_exception: Operand should contain 1 column(s) in /var/www/htdocs/demo/system/Database/MySQLi/Connection.php:295
Stack trace:
#0 /var/www/htdocs/demo/system/Database/MySQLi/Connection.php(295): mysqli->query()
#1 /var/www/htdocs/demo/system/Database/BaseConnection.php(691): CodeIgniter\Database\MySQLi\Connection->execute()
#2 /var/www/htdocs/demo/system/Database/BaseConnection.php(605): CodeIgniter\Database\BaseConnection->simpleQuery()
#3 /var/www/htdocs/demo/system/Database/BaseBuilder.php(1616): CodeIgniter\Database\BaseConnection->query()
#4 /var/www/htdocs/demo/app/Models/Forum_model.php(112): CodeIgniter\Database\BaseBuilder->get()
#5 /var/www/htdocs/demo/app/Controllers/Main.php(160): App\Models\Forum_model->like()
#6 /var/www/htdocs/demo/system/CodeIgniter.php(934): App\Controllers\Main->like_unlike()
#7 /var/www/htdocs/demo/system/CodeIgniter.php(499): CodeIgniter\CodeIgniter->runController()
#8 /var/www/htdocs/demo/system/CodeIgniter.php(368): CodeIgniter\CodeIgniter->handleRequest()
#9 /var/www/htdocs/demo/public/index.php(67): CodeIgniter\CodeIgniter->run()
#10 {main}
CRITICAL - 2023-05-15 18:17:41 --> Operand should contain 1 column(s)
in SYSTEMPATH/Database/BaseConnection.php on line 645.
 1 SYSTEMPATH/Database/BaseBuilder.php(1616): CodeIgniter\Database\BaseConnection->query()
 2 APPPATH/Models/Forum_model.php(112): CodeIgniter\Database\BaseBuilder->get()
 3 APPPATH/Controllers/Main.php(160): App\Models\Forum_model->like()
 4 SYSTEMPATH/CodeIgniter.php(934): App\Controllers\Main->like_unlike()
 5 SYSTEMPATH/CodeIgniter.php(499): CodeIgniter\CodeIgniter->runController()
 6 SYSTEMPATH/CodeIgniter.php(368): CodeIgniter\CodeIgniter->handleRequest()
 7 FCPATH/index.php(67): CodeIgniter\CodeIgniter->run()
ERROR - 2023-05-15 18:17:41 --> mysqli_sql_exception: Operand should contain 1 column(s) in /var/www/htdocs/demo/system/Database/MySQLi/Connection.php:295
Stack trace:
#0 /var/www/htdocs/demo/system/Database/MySQLi/Connection.php(295): mysqli->query()
#1 /var/www/htdocs/demo/system/Database/BaseConnection.php(691): CodeIgniter\Database\MySQLi\Connection->execute()
#2 /var/www/htdocs/demo/system/Database/BaseConnection.php(605): CodeIgniter\Database\BaseConnection->simpleQuery()
#3 /var/www/htdocs/demo/system/Database/BaseBuilder.php(1616): CodeIgniter\Database\BaseConnection->query()
#4 /var/www/htdocs/demo/app/Models/Forum_model.php(112): CodeIgniter\Database\BaseBuilder->get()
#5 /var/www/htdocs/demo/app/Controllers/Main.php(160): App\Models\Forum_model->like()
#6 /var/www/htdocs/demo/system/CodeIgniter.php(934): App\Controllers\Main->like_unlike()
#7 /var/www/htdocs/demo/system/CodeIgniter.php(499): CodeIgniter\CodeIgniter->runController()
#8 /var/www/htdocs/demo/system/CodeIgniter.php(368): CodeIgniter\CodeIgniter->handleRequest()
#9 /var/www/htdocs/demo/public/index.php(67): CodeIgniter\CodeIgniter->run()
#10 {main}
CRITICAL - 2023-05-15 18:17:41 --> Operand should contain 1 column(s)
in SYSTEMPATH/Database/BaseConnection.php on line 645.
 1 SYSTEMPATH/Database/BaseBuilder.php(1616): CodeIgniter\Database\BaseConnection->query()
 2 APPPATH/Models/Forum_model.php(112): CodeIgniter\Database\BaseBuilder->get()
 3 APPPATH/Controllers/Main.php(160): App\Models\Forum_model->like()
 4 SYSTEMPATH/CodeIgniter.php(934): App\Controllers\Main->like_unlike()
 5 SYSTEMPATH/CodeIgniter.php(499): CodeIgniter\CodeIgniter->runController()
 6 SYSTEMPATH/CodeIgniter.php(368): CodeIgniter\CodeIgniter->handleRequest()
 7 FCPATH/index.php(67): CodeIgniter\CodeIgniter->run()
ERROR - 2023-05-15 18:17:41 --> mysqli_sql_exception: Operand should contain 1 column(s) in /var/www/htdocs/demo/system/Database/MySQLi/Connection.php:295
Stack trace:
#0 /var/www/htdocs/demo/system/Database/MySQLi/Connection.php(295): mysqli->query()
#1 /var/www/htdocs/demo/system/Database/BaseConnection.php(691): CodeIgniter\Database\MySQLi\Connection->execute()
#2 /var/www/htdocs/demo/system/Database/BaseConnection.php(605): CodeIgniter\Database\BaseConnection->simpleQuery()
#3 /var/www/htdocs/demo/system/Database/BaseBuilder.php(1616): CodeIgniter\Database\BaseConnection->query()
#4 /var/www/htdocs/demo/app/Models/Forum_model.php(112): CodeIgniter\Database\BaseBuilder->get()
#5 /var/www/htdocs/demo/app/Controllers/Main.php(160): App\Models\Forum_model->like()
#6 /var/www/htdocs/demo/system/CodeIgniter.php(934): App\Controllers\Main->like_unlike()
#7 /var/www/htdocs/demo/system/CodeIgniter.php(499): CodeIgniter\CodeIgniter->runController()
#8 /var/www/htdocs/demo/system/CodeIgniter.php(368): CodeIgniter\CodeIgniter->handleRequest()
#9 /var/www/htdocs/demo/public/index.php(67): CodeIgniter\CodeIgniter->run()
#10 {main}
CRITICAL - 2023-05-15 18:17:41 --> Operand should contain 1 column(s)
in SYSTEMPATH/Database/BaseConnection.php on line 645.
 1 SYSTEMPATH/Database/BaseBuilder.php(1616): CodeIgniter\Database\BaseConnection->query()
 2 APPPATH/Models/Forum_model.php(112): CodeIgniter\Database\BaseBuilder->get()
 3 APPPATH/Controllers/Main.php(160): App\Models\Forum_model->like()
 4 SYSTEMPATH/CodeIgniter.php(934): App\Controllers\Main->like_unlike()
 5 SYSTEMPATH/CodeIgniter.php(499): CodeIgniter\CodeIgniter->runController()
 6 SYSTEMPATH/CodeIgniter.php(368): CodeIgniter\CodeIgniter->handleRequest()
 7 FCPATH/index.php(67): CodeIgniter\CodeIgniter->run()
ERROR - 2023-05-15 18:17:41 --> mysqli_sql_exception: Operand should contain 1 column(s) in /var/www/htdocs/demo/system/Database/MySQLi/Connection.php:295
Stack trace:
#0 /var/www/htdocs/demo/system/Database/MySQLi/Connection.php(295): mysqli->query()
#1 /var/www/htdocs/demo/system/Database/BaseConnection.php(691): CodeIgniter\Database\MySQLi\Connection->execute()
#2 /var/www/htdocs/demo/system/Database/BaseConnection.php(605): CodeIgniter\Database\BaseConnection->simpleQuery()
#3 /var/www/htdocs/demo/system/Database/BaseBuilder.php(1616): CodeIgniter\Database\BaseConnection->query()
#4 /var/www/htdocs/demo/app/Models/Forum_model.php(112): CodeIgniter\Database\BaseBuilder->get()
#5 /var/www/htdocs/demo/app/Controllers/Main.php(160): App\Models\Forum_model->like()
#6 /var/www/htdocs/demo/system/CodeIgniter.php(934): App\Controllers\Main->like_unlike()
#7 /var/www/htdocs/demo/system/CodeIgniter.php(499): CodeIgniter\CodeIgniter->runController()
#8 /var/www/htdocs/demo/system/CodeIgniter.php(368): CodeIgniter\CodeIgniter->handleRequest()
#9 /var/www/htdocs/demo/public/index.php(67): CodeIgniter\CodeIgniter->run()
#10 {main}
CRITICAL - 2023-05-15 18:17:41 --> Operand should contain 1 column(s)
in SYSTEMPATH/Database/BaseConnection.php on line 645.
 1 SYSTEMPATH/Database/BaseBuilder.php(1616): CodeIgniter\Database\BaseConnection->query()
 2 APPPATH/Models/Forum_model.php(112): CodeIgniter\Database\BaseBuilder->get()
 3 APPPATH/Controllers/Main.php(160): App\Models\Forum_model->like()
 4 SYSTEMPATH/CodeIgniter.php(934): App\Controllers\Main->like_unlike()
 5 SYSTEMPATH/CodeIgniter.php(499): CodeIgniter\CodeIgniter->runController()
 6 SYSTEMPATH/CodeIgniter.php(368): CodeIgniter\CodeIgniter->handleRequest()
 7 FCPATH/index.php(67): CodeIgniter\CodeIgniter->run()
ERROR - 2023-05-15 18:17:42 --> mysqli_sql_exception: Operand should contain 1 column(s) in /var/www/htdocs/demo/system/Database/MySQLi/Connection.php:295
Stack trace:
#0 /var/www/htdocs/demo/system/Database/MySQLi/Connection.php(295): mysqli->query()
#1 /var/www/htdocs/demo/system/Database/BaseConnection.php(691): CodeIgniter\Database\MySQLi\Connection->execute()
#2 /var/www/htdocs/demo/system/Database/BaseConnection.php(605): CodeIgniter\Database\BaseConnection->simpleQuery()
#3 /var/www/htdocs/demo/system/Database/BaseBuilder.php(1616): CodeIgniter\Database\BaseConnection->query()
#4 /var/www/htdocs/demo/app/Models/Forum_model.php(112): CodeIgniter\Database\BaseBuilder->get()
#5 /var/www/htdocs/demo/app/Controllers/Main.php(160): App\Models\Forum_model->like()
#6 /var/www/htdocs/demo/system/CodeIgniter.php(934): App\Controllers\Main->like_unlike()
#7 /var/www/htdocs/demo/system/CodeIgniter.php(499): CodeIgniter\CodeIgniter->runController()
#8 /var/www/htdocs/demo/system/CodeIgniter.php(368): CodeIgniter\CodeIgniter->handleRequest()
#9 /var/www/htdocs/demo/public/index.php(67): CodeIgniter\CodeIgniter->run()
#10 {main}
CRITICAL - 2023-05-15 18:17:42 --> Operand should contain 1 column(s)
in SYSTEMPATH/Database/BaseConnection.php on line 645.
 1 SYSTEMPATH/Database/BaseBuilder.php(1616): CodeIgniter\Database\BaseConnection->query()
 2 APPPATH/Models/Forum_model.php(112): CodeIgniter\Database\BaseBuilder->get()
 3 APPPATH/Controllers/Main.php(160): App\Models\Forum_model->like()
 4 SYSTEMPATH/CodeIgniter.php(934): App\Controllers\Main->like_unlike()
 5 SYSTEMPATH/CodeIgniter.php(499): CodeIgniter\CodeIgniter->runController()
 6 SYSTEMPATH/CodeIgniter.php(368): CodeIgniter\CodeIgniter->handleRequest()
 7 FCPATH/index.php(67): CodeIgniter\CodeIgniter->run()
ERROR - 2023-05-15 18:18:28 --> mysqli_sql_exception: Operand should contain 1 column(s) in /var/www/htdocs/demo/system/Database/MySQLi/Connection.php:295
Stack trace:
#0 /var/www/htdocs/demo/system/Database/MySQLi/Connection.php(295): mysqli->query()
#1 /var/www/htdocs/demo/system/Database/BaseConnection.php(691): CodeIgniter\Database\MySQLi\Connection->execute()
#2 /var/www/htdocs/demo/system/Database/BaseConnection.php(605): CodeIgniter\Database\BaseConnection->simpleQuery()
#3 /var/www/htdocs/demo/system/Database/BaseBuilder.php(1616): CodeIgniter\Database\BaseConnection->query()
#4 /var/www/htdocs/demo/app/Models/Forum_model.php(112): CodeIgniter\Database\BaseBuilder->get()
#5 /var/www/htdocs/demo/app/Controllers/Main.php(160): App\Models\Forum_model->like()
#6 /var/www/htdocs/demo/system/CodeIgniter.php(934): App\Controllers\Main->like_unlike()
#7 /var/www/htdocs/demo/system/CodeIgniter.php(499): CodeIgniter\CodeIgniter->runController()
#8 /var/www/htdocs/demo/system/CodeIgniter.php(368): CodeIgniter\CodeIgniter->handleRequest()
#9 /var/www/htdocs/demo/public/index.php(67): CodeIgniter\CodeIgniter->run()
#10 {main}
CRITICAL - 2023-05-15 18:18:28 --> Operand should contain 1 column(s)
in SYSTEMPATH/Database/BaseConnection.php on line 645.
 1 SYSTEMPATH/Database/BaseBuilder.php(1616): CodeIgniter\Database\BaseConnection->query()
 2 APPPATH/Models/Forum_model.php(112): CodeIgniter\Database\BaseBuilder->get()
 3 APPPATH/Controllers/Main.php(160): App\Models\Forum_model->like()
 4 SYSTEMPATH/CodeIgniter.php(934): App\Controllers\Main->like_unlike()
 5 SYSTEMPATH/CodeIgniter.php(499): CodeIgniter\CodeIgniter->runController()
 6 SYSTEMPATH/CodeIgniter.php(368): CodeIgniter\CodeIgniter->handleRequest()
 7 FCPATH/index.php(67): CodeIgniter\CodeIgniter->run()
ERROR - 2023-05-15 18:18:29 --> mysqli_sql_exception: Operand should contain 1 column(s) in /var/www/htdocs/demo/system/Database/MySQLi/Connection.php:295
Stack trace:
#0 /var/www/htdocs/demo/system/Database/MySQLi/Connection.php(295): mysqli->query()
#1 /var/www/htdocs/demo/system/Database/BaseConnection.php(691): CodeIgniter\Database\MySQLi\Connection->execute()
#2 /var/www/htdocs/demo/system/Database/BaseConnection.php(605): CodeIgniter\Database\BaseConnection->simpleQuery()
#3 /var/www/htdocs/demo/system/Database/BaseBuilder.php(1616): CodeIgniter\Database\BaseConnection->query()
#4 /var/www/htdocs/demo/app/Models/Forum_model.php(112): CodeIgniter\Database\BaseBuilder->get()
#5 /var/www/htdocs/demo/app/Controllers/Main.php(160): App\Models\Forum_model->like()
#6 /var/www/htdocs/demo/system/CodeIgniter.php(934): App\Controllers\Main->like_unlike()
#7 /var/www/htdocs/demo/system/CodeIgniter.php(499): CodeIgniter\CodeIgniter->runController()
#8 /var/www/htdocs/demo/system/CodeIgniter.php(368): CodeIgniter\CodeIgniter->handleRequest()
#9 /var/www/htdocs/demo/public/index.php(67): CodeIgniter\CodeIgniter->run()
#10 {main}
CRITICAL - 2023-05-15 18:18:29 --> Operand should contain 1 column(s)
in SYSTEMPATH/Database/BaseConnection.php on line 645.
 1 SYSTEMPATH/Database/BaseBuilder.php(1616): CodeIgniter\Database\BaseConnection->query()
 2 APPPATH/Models/Forum_model.php(112): CodeIgniter\Database\BaseBuilder->get()
 3 APPPATH/Controllers/Main.php(160): App\Models\Forum_model->like()
 4 SYSTEMPATH/CodeIgniter.php(934): App\Controllers\Main->like_unlike()
 5 SYSTEMPATH/CodeIgniter.php(499): CodeIgniter\CodeIgniter->runController()
 6 SYSTEMPATH/CodeIgniter.php(368): CodeIgniter\CodeIgniter->handleRequest()
 7 FCPATH/index.php(67): CodeIgniter\CodeIgniter->run()
ERROR - 2023-05-15 18:18:29 --> mysqli_sql_exception: Operand should contain 1 column(s) in /var/www/htdocs/demo/system/Database/MySQLi/Connection.php:295
Stack trace:
#0 /var/www/htdocs/demo/system/Database/MySQLi/Connection.php(295): mysqli->query()
#1 /var/www/htdocs/demo/system/Database/BaseConnection.php(691): CodeIgniter\Database\MySQLi\Connection->execute()
#2 /var/www/htdocs/demo/system/Database/BaseConnection.php(605): CodeIgniter\Database\BaseConnection->simpleQuery()
#3 /var/www/htdocs/demo/system/Database/BaseBuilder.php(1616): CodeIgniter\Database\BaseConnection->query()
#4 /var/www/htdocs/demo/app/Models/Forum_model.php(112): CodeIgniter\Database\BaseBuilder->get()
#5 /var/www/htdocs/demo/app/Controllers/Main.php(160): App\Models\Forum_model->like()
#6 /var/www/htdocs/demo/system/CodeIgniter.php(934): App\Controllers\Main->like_unlike()
#7 /var/www/htdocs/demo/system/CodeIgniter.php(499): CodeIgniter\CodeIgniter->runController()
#8 /var/www/htdocs/demo/system/CodeIgniter.php(368): CodeIgniter\CodeIgniter->handleRequest()
#9 /var/www/htdocs/demo/public/index.php(67): CodeIgniter\CodeIgniter->run()
#10 {main}
CRITICAL - 2023-05-15 18:18:29 --> Operand should contain 1 column(s)
in SYSTEMPATH/Database/BaseConnection.php on line 645.
 1 SYSTEMPATH/Database/BaseBuilder.php(1616): CodeIgniter\Database\BaseConnection->query()
 2 APPPATH/Models/Forum_model.php(112): CodeIgniter\Database\BaseBuilder->get()
 3 APPPATH/Controllers/Main.php(160): App\Models\Forum_model->like()
 4 SYSTEMPATH/CodeIgniter.php(934): App\Controllers\Main->like_unlike()
 5 SYSTEMPATH/CodeIgniter.php(499): CodeIgniter\CodeIgniter->runController()
 6 SYSTEMPATH/CodeIgniter.php(368): CodeIgniter\CodeIgniter->handleRequest()
 7 FCPATH/index.php(67): CodeIgniter\CodeIgniter->run()
ERROR - 2023-05-15 18:18:32 --> mysqli_sql_exception: Operand should contain 1 column(s) in /var/www/htdocs/demo/system/Database/MySQLi/Connection.php:295
Stack trace:
#0 /var/www/htdocs/demo/system/Database/MySQLi/Connection.php(295): mysqli->query()
#1 /var/www/htdocs/demo/system/Database/BaseConnection.php(691): CodeIgniter\Database\MySQLi\Connection->execute()
#2 /var/www/htdocs/demo/system/Database/BaseConnection.php(605): CodeIgniter\Database\BaseConnection->simpleQuery()
#3 /var/www/htdocs/demo/system/Database/BaseBuilder.php(1616): CodeIgniter\Database\BaseConnection->query()
#4 /var/www/htdocs/demo/app/Models/Forum_model.php(112): CodeIgniter\Database\BaseBuilder->get()
#5 /var/www/htdocs/demo/app/Controllers/Main.php(160): App\Models\Forum_model->like()
#6 /var/www/htdocs/demo/system/CodeIgniter.php(934): App\Controllers\Main->like_unlike()
#7 /var/www/htdocs/demo/system/CodeIgniter.php(499): CodeIgniter\CodeIgniter->runController()
#8 /var/www/htdocs/demo/system/CodeIgniter.php(368): CodeIgniter\CodeIgniter->handleRequest()
#9 /var/www/htdocs/demo/public/index.php(67): CodeIgniter\CodeIgniter->run()
#10 {main}
CRITICAL - 2023-05-15 18:18:32 --> Operand should contain 1 column(s)
in SYSTEMPATH/Database/BaseConnection.php on line 645.
 1 SYSTEMPATH/Database/BaseBuilder.php(1616): CodeIgniter\Database\BaseConnection->query()
 2 APPPATH/Models/Forum_model.php(112): CodeIgniter\Database\BaseBuilder->get()
 3 APPPATH/Controllers/Main.php(160): App\Models\Forum_model->like()
 4 SYSTEMPATH/CodeIgniter.php(934): App\Controllers\Main->like_unlike()
 5 SYSTEMPATH/CodeIgniter.php(499): CodeIgniter\CodeIgniter->runController()
 6 SYSTEMPATH/CodeIgniter.php(368): CodeIgniter\CodeIgniter->handleRequest()
 7 FCPATH/index.php(67): CodeIgniter\CodeIgniter->run()
ERROR - 2023-05-15 18:18:32 --> mysqli_sql_exception: Operand should contain 1 column(s) in /var/www/htdocs/demo/system/Database/MySQLi/Connection.php:295
Stack trace:
#0 /var/www/htdocs/demo/system/Database/MySQLi/Connection.php(295): mysqli->query()
#1 /var/www/htdocs/demo/system/Database/BaseConnection.php(691): CodeIgniter\Database\MySQLi\Connection->execute()
#2 /var/www/htdocs/demo/system/Database/BaseConnection.php(605): CodeIgniter\Database\BaseConnection->simpleQuery()
#3 /var/www/htdocs/demo/system/Database/BaseBuilder.php(1616): CodeIgniter\Database\BaseConnection->query()
#4 /var/www/htdocs/demo/app/Models/Forum_model.php(112): CodeIgniter\Database\BaseBuilder->get()
#5 /var/www/htdocs/demo/app/Controllers/Main.php(160): App\Models\Forum_model->like()
#6 /var/www/htdocs/demo/system/CodeIgniter.php(934): App\Controllers\Main->like_unlike()
#7 /var/www/htdocs/demo/system/CodeIgniter.php(499): CodeIgniter\CodeIgniter->runController()
#8 /var/www/htdocs/demo/system/CodeIgniter.php(368): CodeIgniter\CodeIgniter->handleRequest()
#9 /var/www/htdocs/demo/public/index.php(67): CodeIgniter\CodeIgniter->run()
#10 {main}
CRITICAL - 2023-05-15 18:18:32 --> Operand should contain 1 column(s)
in SYSTEMPATH/Database/BaseConnection.php on line 645.
 1 SYSTEMPATH/Database/BaseBuilder.php(1616): CodeIgniter\Database\BaseConnection->query()
 2 APPPATH/Models/Forum_model.php(112): CodeIgniter\Database\BaseBuilder->get()
 3 APPPATH/Controllers/Main.php(160): App\Models\Forum_model->like()
 4 SYSTEMPATH/CodeIgniter.php(934): App\Controllers\Main->like_unlike()
 5 SYSTEMPATH/CodeIgniter.php(499): CodeIgniter\CodeIgniter->runController()
 6 SYSTEMPATH/CodeIgniter.php(368): CodeIgniter\CodeIgniter->handleRequest()
 7 FCPATH/index.php(67): CodeIgniter\CodeIgniter->run()
ERROR - 2023-05-15 18:18:33 --> mysqli_sql_exception: Operand should contain 1 column(s) in /var/www/htdocs/demo/system/Database/MySQLi/Connection.php:295
Stack trace:
#0 /var/www/htdocs/demo/system/Database/MySQLi/Connection.php(295): mysqli->query()
#1 /var/www/htdocs/demo/system/Database/BaseConnection.php(691): CodeIgniter\Database\MySQLi\Connection->execute()
#2 /var/www/htdocs/demo/system/Database/BaseConnection.php(605): CodeIgniter\Database\BaseConnection->simpleQuery()
#3 /var/www/htdocs/demo/system/Database/BaseBuilder.php(1616): CodeIgniter\Database\BaseConnection->query()
#4 /var/www/htdocs/demo/app/Models/Forum_model.php(112): CodeIgniter\Database\BaseBuilder->get()
#5 /var/www/htdocs/demo/app/Controllers/Main.php(160): App\Models\Forum_model->like()
#6 /var/www/htdocs/demo/system/CodeIgniter.php(934): App\Controllers\Main->like_unlike()
#7 /var/www/htdocs/demo/system/CodeIgniter.php(499): CodeIgniter\CodeIgniter->runController()
#8 /var/www/htdocs/demo/system/CodeIgniter.php(368): CodeIgniter\CodeIgniter->handleRequest()
#9 /var/www/htdocs/demo/public/index.php(67): CodeIgniter\CodeIgniter->run()
#10 {main}
CRITICAL - 2023-05-15 18:18:33 --> Operand should contain 1 column(s)
in SYSTEMPATH/Database/BaseConnection.php on line 645.
 1 SYSTEMPATH/Database/BaseBuilder.php(1616): CodeIgniter\Database\BaseConnection->query()
 2 APPPATH/Models/Forum_model.php(112): CodeIgniter\Database\BaseBuilder->get()
 3 APPPATH/Controllers/Main.php(160): App\Models\Forum_model->like()
 4 SYSTEMPATH/CodeIgniter.php(934): App\Controllers\Main->like_unlike()
 5 SYSTEMPATH/CodeIgniter.php(499): CodeIgniter\CodeIgniter->runController()
 6 SYSTEMPATH/CodeIgniter.php(368): CodeIgniter\CodeIgniter->handleRequest()
 7 FCPATH/index.php(67): CodeIgniter\CodeIgniter->run()
ERROR - 2023-05-15 18:18:39 --> mysqli_sql_exception: Operand should contain 1 column(s) in /var/www/htdocs/demo/system/Database/MySQLi/Connection.php:295
Stack trace:
#0 /var/www/htdocs/demo/system/Database/MySQLi/Connection.php(295): mysqli->query()
#1 /var/www/htdocs/demo/system/Database/BaseConnection.php(691): CodeIgniter\Database\MySQLi\Connection->execute()
#2 /var/www/htdocs/demo/system/Database/BaseConnection.php(605): CodeIgniter\Database\BaseConnection->simpleQuery()
#3 /var/www/htdocs/demo/system/Database/BaseBuilder.php(1616): CodeIgniter\Database\BaseConnection->query()
#4 /var/www/htdocs/demo/app/Models/Forum_model.php(112): CodeIgniter\Database\BaseBuilder->get()
#5 /var/www/htdocs/demo/app/Controllers/Main.php(160): App\Models\Forum_model->like()
#6 /var/www/htdocs/demo/system/CodeIgniter.php(934): App\Controllers\Main->like_unlike()
#7 /var/www/htdocs/demo/system/CodeIgniter.php(499): CodeIgniter\CodeIgniter->runController()
#8 /var/www/htdocs/demo/system/CodeIgniter.php(368): CodeIgniter\CodeIgniter->handleRequest()
#9 /var/www/htdocs/demo/public/index.php(67): CodeIgniter\CodeIgniter->run()
#10 {main}
CRITICAL - 2023-05-15 18:18:39 --> Operand should contain 1 column(s)
in SYSTEMPATH/Database/BaseConnection.php on line 645.
 1 SYSTEMPATH/Database/BaseBuilder.php(1616): CodeIgniter\Database\BaseConnection->query()
 2 APPPATH/Models/Forum_model.php(112): CodeIgniter\Database\BaseBuilder->get()
 3 APPPATH/Controllers/Main.php(160): App\Models\Forum_model->like()
 4 SYSTEMPATH/CodeIgniter.php(934): App\Controllers\Main->like_unlike()
 5 SYSTEMPATH/CodeIgniter.php(499): CodeIgniter\CodeIgniter->runController()
 6 SYSTEMPATH/CodeIgniter.php(368): CodeIgniter\CodeIgniter->handleRequest()
 7 FCPATH/index.php(67): CodeIgniter\CodeIgniter->run()
ERROR - 2023-05-15 18:18:40 --> mysqli_sql_exception: Operand should contain 1 column(s) in /var/www/htdocs/demo/system/Database/MySQLi/Connection.php:295
Stack trace:
#0 /var/www/htdocs/demo/system/Database/MySQLi/Connection.php(295): mysqli->query()
#1 /var/www/htdocs/demo/system/Database/BaseConnection.php(691): CodeIgniter\Database\MySQLi\Connection->execute()
#2 /var/www/htdocs/demo/system/Database/BaseConnection.php(605): CodeIgniter\Database\BaseConnection->simpleQuery()
#3 /var/www/htdocs/demo/system/Database/BaseBuilder.php(1616): CodeIgniter\Database\BaseConnection->query()
#4 /var/www/htdocs/demo/app/Models/Forum_model.php(112): CodeIgniter\Database\BaseBuilder->get()
#5 /var/www/htdocs/demo/app/Controllers/Main.php(160): App\Models\Forum_model->like()
#6 /var/www/htdocs/demo/system/CodeIgniter.php(934): App\Controllers\Main->like_unlike()
#7 /var/www/htdocs/demo/system/CodeIgniter.php(499): CodeIgniter\CodeIgniter->runController()
#8 /var/www/htdocs/demo/system/CodeIgniter.php(368): CodeIgniter\CodeIgniter->handleRequest()
#9 /var/www/htdocs/demo/public/index.php(67): CodeIgniter\CodeIgniter->run()
#10 {main}
CRITICAL - 2023-05-15 18:18:40 --> Operand should contain 1 column(s)
in SYSTEMPATH/Database/BaseConnection.php on line 645.
 1 SYSTEMPATH/Database/BaseBuilder.php(1616): CodeIgniter\Database\BaseConnection->query()
 2 APPPATH/Models/Forum_model.php(112): CodeIgniter\Database\BaseBuilder->get()
 3 APPPATH/Controllers/Main.php(160): App\Models\Forum_model->like()
 4 SYSTEMPATH/CodeIgniter.php(934): App\Controllers\Main->like_unlike()
 5 SYSTEMPATH/CodeIgniter.php(499): CodeIgniter\CodeIgniter->runController()
 6 SYSTEMPATH/CodeIgniter.php(368): CodeIgniter\CodeIgniter->handleRequest()
 7 FCPATH/index.php(67): CodeIgniter\CodeIgniter->run()
ERROR - 2023-05-15 18:18:40 --> mysqli_sql_exception: Operand should contain 1 column(s) in /var/www/htdocs/demo/system/Database/MySQLi/Connection.php:295
Stack trace:
#0 /var/www/htdocs/demo/system/Database/MySQLi/Connection.php(295): mysqli->query()
#1 /var/www/htdocs/demo/system/Database/BaseConnection.php(691): CodeIgniter\Database\MySQLi\Connection->execute()
#2 /var/www/htdocs/demo/system/Database/BaseConnection.php(605): CodeIgniter\Database\BaseConnection->simpleQuery()
#3 /var/www/htdocs/demo/system/Database/BaseBuilder.php(1616): CodeIgniter\Database\BaseConnection->query()
#4 /var/www/htdocs/demo/app/Models/Forum_model.php(112): CodeIgniter\Database\BaseBuilder->get()
#5 /var/www/htdocs/demo/app/Controllers/Main.php(160): App\Models\Forum_model->like()
#6 /var/www/htdocs/demo/system/CodeIgniter.php(934): App\Controllers\Main->like_unlike()
#7 /var/www/htdocs/demo/system/CodeIgniter.php(499): CodeIgniter\CodeIgniter->runController()
#8 /var/www/htdocs/demo/system/CodeIgniter.php(368): CodeIgniter\CodeIgniter->handleRequest()
#9 /var/www/htdocs/demo/public/index.php(67): CodeIgniter\CodeIgniter->run()
#10 {main}
CRITICAL - 2023-05-15 18:18:40 --> Operand should contain 1 column(s)
in SYSTEMPATH/Database/BaseConnection.php on line 645.
 1 SYSTEMPATH/Database/BaseBuilder.php(1616): CodeIgniter\Database\BaseConnection->query()
 2 APPPATH/Models/Forum_model.php(112): CodeIgniter\Database\BaseBuilder->get()
 3 APPPATH/Controllers/Main.php(160): App\Models\Forum_model->like()
 4 SYSTEMPATH/CodeIgniter.php(934): App\Controllers\Main->like_unlike()
 5 SYSTEMPATH/CodeIgniter.php(499): CodeIgniter\CodeIgniter->runController()
 6 SYSTEMPATH/CodeIgniter.php(368): CodeIgniter\CodeIgniter->handleRequest()
 7 FCPATH/index.php(67): CodeIgniter\CodeIgniter->run()
CRITICAL - 2023-05-15 18:19:32 --> The subquery cannot be the same object as the main query object.
in SYSTEMPATH/Database/BaseBuilder.php on line 3506.
 1 SYSTEMPATH/Database/BaseBuilder.php(778): CodeIgniter\Database\BaseBuilder->buildSubquery()
 2 SYSTEMPATH/Database/BaseBuilder.php(698): CodeIgniter\Database\BaseBuilder->whereHaving()
 3 APPPATH/Models/Forum_model.php(121): CodeIgniter\Database\BaseBuilder->where()
 4 APPPATH/Controllers/Main.php(160): App\Models\Forum_model->like()
 5 SYSTEMPATH/CodeIgniter.php(934): App\Controllers\Main->like_unlike()
 6 SYSTEMPATH/CodeIgniter.php(499): CodeIgniter\CodeIgniter->runController()
 7 SYSTEMPATH/CodeIgniter.php(368): CodeIgniter\CodeIgniter->handleRequest()
 8 FCPATH/index.php(67): CodeIgniter\CodeIgniter->run()
CRITICAL - 2023-05-15 18:19:32 --> The subquery cannot be the same object as the main query object.
in SYSTEMPATH/Database/BaseBuilder.php on line 3506.
 1 SYSTEMPATH/Database/BaseBuilder.php(778): CodeIgniter\Database\BaseBuilder->buildSubquery()
 2 SYSTEMPATH/Database/BaseBuilder.php(698): CodeIgniter\Database\BaseBuilder->whereHaving()
 3 APPPATH/Models/Forum_model.php(135): CodeIgniter\Database\BaseBuilder->where()
 4 APPPATH/Controllers/Main.php(160): App\Models\Forum_model->like()
 5 SYSTEMPATH/CodeIgniter.php(934): App\Controllers\Main->like_unlike()
 6 SYSTEMPATH/CodeIgniter.php(499): CodeIgniter\CodeIgniter->runController()
 7 SYSTEMPATH/CodeIgniter.php(368): CodeIgniter\CodeIgniter->handleRequest()
 8 FCPATH/index.php(67): CodeIgniter\CodeIgniter->run()
CRITICAL - 2023-05-15 18:19:32 --> The subquery cannot be the same object as the main query object.
in SYSTEMPATH/Database/BaseBuilder.php on line 3506.
 1 SYSTEMPATH/Database/BaseBuilder.php(778): CodeIgniter\Database\BaseBuilder->buildSubquery()
 2 SYSTEMPATH/Database/BaseBuilder.php(698): CodeIgniter\Database\BaseBuilder->whereHaving()
 3 APPPATH/Models/Forum_model.php(121): CodeIgniter\Database\BaseBuilder->where()
 4 APPPATH/Controllers/Main.php(160): App\Models\Forum_model->like()
 5 SYSTEMPATH/CodeIgniter.php(934): App\Controllers\Main->like_unlike()
 6 SYSTEMPATH/CodeIgniter.php(499): CodeIgniter\CodeIgniter->runController()
 7 SYSTEMPATH/CodeIgniter.php(368): CodeIgniter\CodeIgniter->handleRequest()
 8 FCPATH/index.php(67): CodeIgniter\CodeIgniter->run()
CRITICAL - 2023-05-15 18:23:50 --> The subquery cannot be the same object as the main query object.
in SYSTEMPATH/Database/BaseBuilder.php on line 3506.
 1 SYSTEMPATH/Database/BaseBuilder.php(778): CodeIgniter\Database\BaseBuilder->buildSubquery()
 2 SYSTEMPATH/Database/BaseBuilder.php(698): CodeIgniter\Database\BaseBuilder->whereHaving()
 3 APPPATH/Models/Forum_model.php(138): CodeIgniter\Database\BaseBuilder->where()
 4 APPPATH/Controllers/Main.php(164): App\Models\Forum_model->update_upvote()
 5 SYSTEMPATH/CodeIgniter.php(934): App\Controllers\Main->like_unlike()
 6 SYSTEMPATH/CodeIgniter.php(499): CodeIgniter\CodeIgniter->runController()
 7 SYSTEMPATH/CodeIgniter.php(368): CodeIgniter\CodeIgniter->handleRequest()
 8 FCPATH/index.php(67): CodeIgniter\CodeIgniter->run()
CRITICAL - 2023-05-15 18:23:51 --> The subquery cannot be the same object as the main query object.
in SYSTEMPATH/Database/BaseBuilder.php on line 3506.
 1 SYSTEMPATH/Database/BaseBuilder.php(778): CodeIgniter\Database\BaseBuilder->buildSubquery()
 2 SYSTEMPATH/Database/BaseBuilder.php(698): CodeIgniter\Database\BaseBuilder->whereHaving()
 3 APPPATH/Models/Forum_model.php(144): CodeIgniter\Database\BaseBuilder->where()
 4 APPPATH/Controllers/Main.php(164): App\Models\Forum_model->update_upvote()
 5 SYSTEMPATH/CodeIgniter.php(934): App\Controllers\Main->like_unlike()
 6 SYSTEMPATH/CodeIgniter.php(499): CodeIgniter\CodeIgniter->runController()
 7 SYSTEMPATH/CodeIgniter.php(368): CodeIgniter\CodeIgniter->handleRequest()
 8 FCPATH/index.php(67): CodeIgniter\CodeIgniter->run()
CRITICAL - 2023-05-15 18:23:51 --> The subquery cannot be the same object as the main query object.
in SYSTEMPATH/Database/BaseBuilder.php on line 3506.
 1 SYSTEMPATH/Database/BaseBuilder.php(778): CodeIgniter\Database\BaseBuilder->buildSubquery()
 2 SYSTEMPATH/Database/BaseBuilder.php(698): CodeIgniter\Database\BaseBuilder->whereHaving()
 3 APPPATH/Models/Forum_model.php(138): CodeIgniter\Database\BaseBuilder->where()
 4 APPPATH/Controllers/Main.php(164): App\Models\Forum_model->update_upvote()
 5 SYSTEMPATH/CodeIgniter.php(934): App\Controllers\Main->like_unlike()
 6 SYSTEMPATH/CodeIgniter.php(499): CodeIgniter\CodeIgniter->runController()
 7 SYSTEMPATH/CodeIgniter.php(368): CodeIgniter\CodeIgniter->handleRequest()
 8 FCPATH/index.php(67): CodeIgniter\CodeIgniter->run()
CRITICAL - 2023-05-15 18:23:51 --> The subquery cannot be the same object as the main query object.
in SYSTEMPATH/Database/BaseBuilder.php on line 3506.
 1 SYSTEMPATH/Database/BaseBuilder.php(778): CodeIgniter\Database\BaseBuilder->buildSubquery()
 2 SYSTEMPATH/Database/BaseBuilder.php(698): CodeIgniter\Database\BaseBuilder->whereHaving()
 3 APPPATH/Models/Forum_model.php(144): CodeIgniter\Database\BaseBuilder->where()
 4 APPPATH/Controllers/Main.php(164): App\Models\Forum_model->update_upvote()
 5 SYSTEMPATH/CodeIgniter.php(934): App\Controllers\Main->like_unlike()
 6 SYSTEMPATH/CodeIgniter.php(499): CodeIgniter\CodeIgniter->runController()
 7 SYSTEMPATH/CodeIgniter.php(368): CodeIgniter\CodeIgniter->handleRequest()
 8 FCPATH/index.php(67): CodeIgniter\CodeIgniter->run()
CRITICAL - 2023-05-15 18:24:13 --> The subquery cannot be the same object as the main query object.
in SYSTEMPATH/Database/BaseBuilder.php on line 3506.
 1 SYSTEMPATH/Database/BaseBuilder.php(778): CodeIgniter\Database\BaseBuilder->buildSubquery()
 2 SYSTEMPATH/Database/BaseBuilder.php(698): CodeIgniter\Database\BaseBuilder->whereHaving()
 3 APPPATH/Models/Forum_model.php(138): CodeIgniter\Database\BaseBuilder->where()
 4 APPPATH/Controllers/Main.php(167): App\Models\Forum_model->update_upvote()
 5 SYSTEMPATH/CodeIgniter.php(934): App\Controllers\Main->like_unlike()
 6 SYSTEMPATH/CodeIgniter.php(499): CodeIgniter\CodeIgniter->runController()
 7 SYSTEMPATH/CodeIgniter.php(368): CodeIgniter\CodeIgniter->handleRequest()
 8 FCPATH/index.php(67): CodeIgniter\CodeIgniter->run()
CRITICAL - 2023-05-15 18:24:13 --> The subquery cannot be the same object as the main query object.
in SYSTEMPATH/Database/BaseBuilder.php on line 3506.
 1 SYSTEMPATH/Database/BaseBuilder.php(778): CodeIgniter\Database\BaseBuilder->buildSubquery()
 2 SYSTEMPATH/Database/BaseBuilder.php(698): CodeIgniter\Database\BaseBuilder->whereHaving()
 3 APPPATH/Models/Forum_model.php(144): CodeIgniter\Database\BaseBuilder->where()
 4 APPPATH/Controllers/Main.php(167): App\Models\Forum_model->update_upvote()
 5 SYSTEMPATH/CodeIgniter.php(934): App\Controllers\Main->like_unlike()
 6 SYSTEMPATH/CodeIgniter.php(499): CodeIgniter\CodeIgniter->runController()
 7 SYSTEMPATH/CodeIgniter.php(368): CodeIgniter\CodeIgniter->handleRequest()
 8 FCPATH/index.php(67): CodeIgniter\CodeIgniter->run()
CRITICAL - 2023-05-15 18:24:13 --> The subquery cannot be the same object as the main query object.
in SYSTEMPATH/Database/BaseBuilder.php on line 3506.
 1 SYSTEMPATH/Database/BaseBuilder.php(778): CodeIgniter\Database\BaseBuilder->buildSubquery()
 2 SYSTEMPATH/Database/BaseBuilder.php(698): CodeIgniter\Database\BaseBuilder->whereHaving()
 3 APPPATH/Models/Forum_model.php(138): CodeIgniter\Database\BaseBuilder->where()
 4 APPPATH/Controllers/Main.php(167): App\Models\Forum_model->update_upvote()
 5 SYSTEMPATH/CodeIgniter.php(934): App\Controllers\Main->like_unlike()
 6 SYSTEMPATH/CodeIgniter.php(499): CodeIgniter\CodeIgniter->runController()
 7 SYSTEMPATH/CodeIgniter.php(368): CodeIgniter\CodeIgniter->handleRequest()
 8 FCPATH/index.php(67): CodeIgniter\CodeIgniter->run()
CRITICAL - 2023-05-15 18:24:17 --> The subquery cannot be the same object as the main query object.
in SYSTEMPATH/Database/BaseBuilder.php on line 3506.
 1 SYSTEMPATH/Database/BaseBuilder.php(778): CodeIgniter\Database\BaseBuilder->buildSubquery()
 2 SYSTEMPATH/Database/BaseBuilder.php(698): CodeIgniter\Database\BaseBuilder->whereHaving()
 3 APPPATH/Models/Forum_model.php(138): CodeIgniter\Database\BaseBuilder->where()
 4 APPPATH/Controllers/Main.php(167): App\Models\Forum_model->update_upvote()
 5 SYSTEMPATH/CodeIgniter.php(934): App\Controllers\Main->like_unlike()
 6 SYSTEMPATH/CodeIgniter.php(499): CodeIgniter\CodeIgniter->runController()
 7 SYSTEMPATH/CodeIgniter.php(368): CodeIgniter\CodeIgniter->handleRequest()
 8 FCPATH/index.php(67): CodeIgniter\CodeIgniter->run()
CRITICAL - 2023-05-15 18:24:25 --> The subquery cannot be the same object as the main query object.
in SYSTEMPATH/Database/BaseBuilder.php on line 3506.
 1 SYSTEMPATH/Database/BaseBuilder.php(778): CodeIgniter\Database\BaseBuilder->buildSubquery()
 2 SYSTEMPATH/Database/BaseBuilder.php(698): CodeIgniter\Database\BaseBuilder->whereHaving()
 3 APPPATH/Models/Forum_model.php(144): CodeIgniter\Database\BaseBuilder->where()
 4 APPPATH/Controllers/Main.php(167): App\Models\Forum_model->update_upvote()
 5 SYSTEMPATH/CodeIgniter.php(934): App\Controllers\Main->like_unlike()
 6 SYSTEMPATH/CodeIgniter.php(499): CodeIgniter\CodeIgniter->runController()
 7 SYSTEMPATH/CodeIgniter.php(368): CodeIgniter\CodeIgniter->handleRequest()
 8 FCPATH/index.php(67): CodeIgniter\CodeIgniter->run()
CRITICAL - 2023-05-15 18:24:52 --> The subquery cannot be the same object as the main query object.
in SYSTEMPATH/Database/BaseBuilder.php on line 3506.
 1 SYSTEMPATH/Database/BaseBuilder.php(778): CodeIgniter\Database\BaseBuilder->buildSubquery()
 2 SYSTEMPATH/Database/BaseBuilder.php(698): CodeIgniter\Database\BaseBuilder->whereHaving()
 3 APPPATH/Models/Forum_model.php(138): CodeIgniter\Database\BaseBuilder->where()
 4 APPPATH/Controllers/Main.php(161): App\Models\Forum_model->update_upvote()
 5 SYSTEMPATH/CodeIgniter.php(934): App\Controllers\Main->like_unlike()
 6 SYSTEMPATH/CodeIgniter.php(499): CodeIgniter\CodeIgniter->runController()
 7 SYSTEMPATH/CodeIgniter.php(368): CodeIgniter\CodeIgniter->handleRequest()
 8 FCPATH/index.php(67): CodeIgniter\CodeIgniter->run()
CRITICAL - 2023-05-15 18:25:25 --> The subquery cannot be the same object as the main query object.
in SYSTEMPATH/Database/BaseBuilder.php on line 3506.
 1 SYSTEMPATH/Database/BaseBuilder.php(778): CodeIgniter\Database\BaseBuilder->buildSubquery()
 2 SYSTEMPATH/Database/BaseBuilder.php(698): CodeIgniter\Database\BaseBuilder->whereHaving()
 3 APPPATH/Models/Forum_model.php(144): CodeIgniter\Database\BaseBuilder->where()
 4 APPPATH/Controllers/Main.php(164): App\Models\Forum_model->update_upvote()
 5 SYSTEMPATH/CodeIgniter.php(934): App\Controllers\Main->like_unlike()
 6 SYSTEMPATH/CodeIgniter.php(499): CodeIgniter\CodeIgniter->runController()
 7 SYSTEMPATH/CodeIgniter.php(368): CodeIgniter\CodeIgniter->handleRequest()
 8 FCPATH/index.php(67): CodeIgniter\CodeIgniter->run()
CRITICAL - 2023-05-15 18:25:25 --> The subquery cannot be the same object as the main query object.
in SYSTEMPATH/Database/BaseBuilder.php on line 3506.
 1 SYSTEMPATH/Database/BaseBuilder.php(778): CodeIgniter\Database\BaseBuilder->buildSubquery()
 2 SYSTEMPATH/Database/BaseBuilder.php(698): CodeIgniter\Database\BaseBuilder->whereHaving()
 3 APPPATH/Models/Forum_model.php(138): CodeIgniter\Database\BaseBuilder->where()
 4 APPPATH/Controllers/Main.php(164): App\Models\Forum_model->update_upvote()
 5 SYSTEMPATH/CodeIgniter.php(934): App\Controllers\Main->like_unlike()
 6 SYSTEMPATH/CodeIgniter.php(499): CodeIgniter\CodeIgniter->runController()
 7 SYSTEMPATH/CodeIgniter.php(368): CodeIgniter\CodeIgniter->handleRequest()
 8 FCPATH/index.php(67): CodeIgniter\CodeIgniter->run()
CRITICAL - 2023-05-15 18:25:25 --> The subquery cannot be the same object as the main query object.
in SYSTEMPATH/Database/BaseBuilder.php on line 3506.
 1 SYSTEMPATH/Database/BaseBuilder.php(778): CodeIgniter\Database\BaseBuilder->buildSubquery()
 2 SYSTEMPATH/Database/BaseBuilder.php(698): CodeIgniter\Database\BaseBuilder->whereHaving()
 3 APPPATH/Models/Forum_model.php(144): CodeIgniter\Database\BaseBuilder->where()
 4 APPPATH/Controllers/Main.php(164): App\Models\Forum_model->update_upvote()
 5 SYSTEMPATH/CodeIgniter.php(934): App\Controllers\Main->like_unlike()
 6 SYSTEMPATH/CodeIgniter.php(499): CodeIgniter\CodeIgniter->runController()
 7 SYSTEMPATH/CodeIgniter.php(368): CodeIgniter\CodeIgniter->handleRequest()
 8 FCPATH/index.php(67): CodeIgniter\CodeIgniter->run()
CRITICAL - 2023-05-15 18:25:25 --> The subquery cannot be the same object as the main query object.
in SYSTEMPATH/Database/BaseBuilder.php on line 3506.
 1 SYSTEMPATH/Database/BaseBuilder.php(778): CodeIgniter\Database\BaseBuilder->buildSubquery()
 2 SYSTEMPATH/Database/BaseBuilder.php(698): CodeIgniter\Database\BaseBuilder->whereHaving()
 3 APPPATH/Models/Forum_model.php(138): CodeIgniter\Database\BaseBuilder->where()
 4 APPPATH/Controllers/Main.php(164): App\Models\Forum_model->update_upvote()
 5 SYSTEMPATH/CodeIgniter.php(934): App\Controllers\Main->like_unlike()
 6 SYSTEMPATH/CodeIgniter.php(499): CodeIgniter\CodeIgniter->runController()
 7 SYSTEMPATH/CodeIgniter.php(368): CodeIgniter\CodeIgniter->handleRequest()
 8 FCPATH/index.php(67): CodeIgniter\CodeIgniter->run()
CRITICAL - 2023-05-15 18:25:25 --> The subquery cannot be the same object as the main query object.
in SYSTEMPATH/Database/BaseBuilder.php on line 3506.
 1 SYSTEMPATH/Database/BaseBuilder.php(778): CodeIgniter\Database\BaseBuilder->buildSubquery()
 2 SYSTEMPATH/Database/BaseBuilder.php(698): CodeIgniter\Database\BaseBuilder->whereHaving()
 3 APPPATH/Models/Forum_model.php(144): CodeIgniter\Database\BaseBuilder->where()
 4 APPPATH/Controllers/Main.php(164): App\Models\Forum_model->update_upvote()
 5 SYSTEMPATH/CodeIgniter.php(934): App\Controllers\Main->like_unlike()
 6 SYSTEMPATH/CodeIgniter.php(499): CodeIgniter\CodeIgniter->runController()
 7 SYSTEMPATH/CodeIgniter.php(368): CodeIgniter\CodeIgniter->handleRequest()
 8 FCPATH/index.php(67): CodeIgniter\CodeIgniter->run()
CRITICAL - 2023-05-15 18:25:26 --> The subquery cannot be the same object as the main query object.
in SYSTEMPATH/Database/BaseBuilder.php on line 3506.
 1 SYSTEMPATH/Database/BaseBuilder.php(778): CodeIgniter\Database\BaseBuilder->buildSubquery()
 2 SYSTEMPATH/Database/BaseBuilder.php(698): CodeIgniter\Database\BaseBuilder->whereHaving()
 3 APPPATH/Models/Forum_model.php(138): CodeIgniter\Database\BaseBuilder->where()
 4 APPPATH/Controllers/Main.php(164): App\Models\Forum_model->update_upvote()
 5 SYSTEMPATH/CodeIgniter.php(934): App\Controllers\Main->like_unlike()
 6 SYSTEMPATH/CodeIgniter.php(499): CodeIgniter\CodeIgniter->runController()
 7 SYSTEMPATH/CodeIgniter.php(368): CodeIgniter\CodeIgniter->handleRequest()
 8 FCPATH/index.php(67): CodeIgniter\CodeIgniter->run()
CRITICAL - 2023-05-15 18:38:04 --> The subquery cannot be the same object as the main query object.
in SYSTEMPATH/Database/BaseBuilder.php on line 3506.
 1 SYSTEMPATH/Database/BaseBuilder.php(778): CodeIgniter\Database\BaseBuilder->buildSubquery()
 2 SYSTEMPATH/Database/BaseBuilder.php(698): CodeIgniter\Database\BaseBuilder->whereHaving()
 3 APPPATH/Models/Forum_model.php(140): CodeIgniter\Database\BaseBuilder->where()
 4 APPPATH/Controllers/Main.php(160): App\Models\Forum_model->like()
 5 SYSTEMPATH/CodeIgniter.php(934): App\Controllers\Main->like_unlike()
 6 SYSTEMPATH/CodeIgniter.php(499): CodeIgniter\CodeIgniter->runController()
 7 SYSTEMPATH/CodeIgniter.php(368): CodeIgniter\CodeIgniter->handleRequest()
 8 FCPATH/index.php(67): CodeIgniter\CodeIgniter->run()
CRITICAL - 2023-05-15 18:38:05 --> The subquery cannot be the same object as the main query object.
in SYSTEMPATH/Database/BaseBuilder.php on line 3506.
 1 SYSTEMPATH/Database/BaseBuilder.php(778): CodeIgniter\Database\BaseBuilder->buildSubquery()
 2 SYSTEMPATH/Database/BaseBuilder.php(698): CodeIgniter\Database\BaseBuilder->whereHaving()
 3 APPPATH/Models/Forum_model.php(134): CodeIgniter\Database\BaseBuilder->where()
 4 APPPATH/Controllers/Main.php(160): App\Models\Forum_model->like()
 5 SYSTEMPATH/CodeIgniter.php(934): App\Controllers\Main->like_unlike()
 6 SYSTEMPATH/CodeIgniter.php(499): CodeIgniter\CodeIgniter->runController()
 7 SYSTEMPATH/CodeIgniter.php(368): CodeIgniter\CodeIgniter->handleRequest()
 8 FCPATH/index.php(67): CodeIgniter\CodeIgniter->run()
CRITICAL - 2023-05-15 18:38:05 --> The subquery cannot be the same object as the main query object.
in SYSTEMPATH/Database/BaseBuilder.php on line 3506.
 1 SYSTEMPATH/Database/BaseBuilder.php(778): CodeIgniter\Database\BaseBuilder->buildSubquery()
 2 SYSTEMPATH/Database/BaseBuilder.php(698): CodeIgniter\Database\BaseBuilder->whereHaving()
 3 APPPATH/Models/Forum_model.php(140): CodeIgniter\Database\BaseBuilder->where()
 4 APPPATH/Controllers/Main.php(160): App\Models\Forum_model->like()
 5 SYSTEMPATH/CodeIgniter.php(934): App\Controllers\Main->like_unlike()
 6 SYSTEMPATH/CodeIgniter.php(499): CodeIgniter\CodeIgniter->runController()
 7 SYSTEMPATH/CodeIgniter.php(368): CodeIgniter\CodeIgniter->handleRequest()
 8 FCPATH/index.php(67): CodeIgniter\CodeIgniter->run()
CRITICAL - 2023-05-15 18:38:19 --> The subquery cannot be the same object as the main query object.
in SYSTEMPATH/Database/BaseBuilder.php on line 3506.
 1 SYSTEMPATH/Database/BaseBuilder.php(778): CodeIgniter\Database\BaseBuilder->buildSubquery()
 2 SYSTEMPATH/Database/BaseBuilder.php(698): CodeIgniter\Database\BaseBuilder->whereHaving()
 3 APPPATH/Models/Forum_model.php(135): CodeIgniter\Database\BaseBuilder->where()
 4 APPPATH/Controllers/Main.php(160): App\Models\Forum_model->like()
 5 SYSTEMPATH/CodeIgniter.php(934): App\Controllers\Main->like_unlike()
 6 SYSTEMPATH/CodeIgniter.php(499): CodeIgniter\CodeIgniter->runController()
 7 SYSTEMPATH/CodeIgniter.php(368): CodeIgniter\CodeIgniter->handleRequest()
 8 FCPATH/index.php(67): CodeIgniter\CodeIgniter->run()
CRITICAL - 2023-05-15 18:38:19 --> The subquery cannot be the same object as the main query object.
in SYSTEMPATH/Database/BaseBuilder.php on line 3506.
 1 SYSTEMPATH/Database/BaseBuilder.php(778): CodeIgniter\Database\BaseBuilder->buildSubquery()
 2 SYSTEMPATH/Database/BaseBuilder.php(698): CodeIgniter\Database\BaseBuilder->whereHaving()
 3 APPPATH/Models/Forum_model.php(142): CodeIgniter\Database\BaseBuilder->where()
 4 APPPATH/Controllers/Main.php(160): App\Models\Forum_model->like()
 5 SYSTEMPATH/CodeIgniter.php(934): App\Controllers\Main->like_unlike()
 6 SYSTEMPATH/CodeIgniter.php(499): CodeIgniter\CodeIgniter->runController()
 7 SYSTEMPATH/CodeIgniter.php(368): CodeIgniter\CodeIgniter->handleRequest()
 8 FCPATH/index.php(67): CodeIgniter\CodeIgniter->run()
CRITICAL - 2023-05-15 18:38:19 --> The subquery cannot be the same object as the main query object.
in SYSTEMPATH/Database/BaseBuilder.php on line 3506.
 1 SYSTEMPATH/Database/BaseBuilder.php(778): CodeIgniter\Database\BaseBuilder->buildSubquery()
 2 SYSTEMPATH/Database/BaseBuilder.php(698): CodeIgniter\Database\BaseBuilder->whereHaving()
 3 APPPATH/Models/Forum_model.php(135): CodeIgniter\Database\BaseBuilder->where()
 4 APPPATH/Controllers/Main.php(160): App\Models\Forum_model->like()
 5 SYSTEMPATH/CodeIgniter.php(934): App\Controllers\Main->like_unlike()
 6 SYSTEMPATH/CodeIgniter.php(499): CodeIgniter\CodeIgniter->runController()
 7 SYSTEMPATH/CodeIgniter.php(368): CodeIgniter\CodeIgniter->handleRequest()
 8 FCPATH/index.php(67): CodeIgniter\CodeIgniter->run()
CRITICAL - 2023-05-15 18:38:35 --> The subquery cannot be the same object as the main query object.
in SYSTEMPATH/Database/BaseBuilder.php on line 3506.
 1 SYSTEMPATH/Database/BaseBuilder.php(778): CodeIgniter\Database\BaseBuilder->buildSubquery()
 2 SYSTEMPATH/Database/BaseBuilder.php(698): CodeIgniter\Database\BaseBuilder->whereHaving()
 3 APPPATH/Models/Forum_model.php(142): CodeIgniter\Database\BaseBuilder->where()
 4 APPPATH/Controllers/Main.php(160): App\Models\Forum_model->like()
 5 SYSTEMPATH/CodeIgniter.php(934): App\Controllers\Main->like_unlike()
 6 SYSTEMPATH/CodeIgniter.php(499): CodeIgniter\CodeIgniter->runController()
 7 SYSTEMPATH/CodeIgniter.php(368): CodeIgniter\CodeIgniter->handleRequest()
 8 FCPATH/index.php(67): CodeIgniter\CodeIgniter->run()
CRITICAL - 2023-05-15 18:44:14 --> The subquery cannot be the same object as the main query object.
in SYSTEMPATH/Database/BaseBuilder.php on line 3506.
 1 SYSTEMPATH/Database/BaseBuilder.php(778): CodeIgniter\Database\BaseBuilder->buildSubquery()
 2 SYSTEMPATH/Database/BaseBuilder.php(698): CodeIgniter\Database\BaseBuilder->whereHaving()
 3 APPPATH/Models/Forum_model.php(138): CodeIgniter\Database\BaseBuilder->where()
 4 APPPATH/Controllers/Main.php(163): App\Models\Forum_model->update_upvote()
 5 SYSTEMPATH/CodeIgniter.php(934): App\Controllers\Main->like_unlike()
 6 SYSTEMPATH/CodeIgniter.php(499): CodeIgniter\CodeIgniter->runController()
 7 SYSTEMPATH/CodeIgniter.php(368): CodeIgniter\CodeIgniter->handleRequest()
 8 FCPATH/index.php(67): CodeIgniter\CodeIgniter->run()
CRITICAL - 2023-05-15 18:44:15 --> The subquery cannot be the same object as the main query object.
in SYSTEMPATH/Database/BaseBuilder.php on line 3506.
 1 SYSTEMPATH/Database/BaseBuilder.php(778): CodeIgniter\Database\BaseBuilder->buildSubquery()
 2 SYSTEMPATH/Database/BaseBuilder.php(698): CodeIgniter\Database\BaseBuilder->whereHaving()
 3 APPPATH/Models/Forum_model.php(138): CodeIgniter\Database\BaseBuilder->where()
 4 APPPATH/Controllers/Main.php(163): App\Models\Forum_model->update_upvote()
 5 SYSTEMPATH/CodeIgniter.php(934): App\Controllers\Main->like_unlike()
 6 SYSTEMPATH/CodeIgniter.php(499): CodeIgniter\CodeIgniter->runController()
 7 SYSTEMPATH/CodeIgniter.php(368): CodeIgniter\CodeIgniter->handleRequest()
 8 FCPATH/index.php(67): CodeIgniter\CodeIgniter->run()
CRITICAL - 2023-05-15 18:44:15 --> The subquery cannot be the same object as the main query object.
in SYSTEMPATH/Database/BaseBuilder.php on line 3506.
 1 SYSTEMPATH/Database/BaseBuilder.php(778): CodeIgniter\Database\BaseBuilder->buildSubquery()
 2 SYSTEMPATH/Database/BaseBuilder.php(698): CodeIgniter\Database\BaseBuilder->whereHaving()
 3 APPPATH/Models/Forum_model.php(138): CodeIgniter\Database\BaseBuilder->where()
 4 APPPATH/Controllers/Main.php(163): App\Models\Forum_model->update_upvote()
 5 SYSTEMPATH/CodeIgniter.php(934): App\Controllers\Main->like_unlike()
 6 SYSTEMPATH/CodeIgniter.php(499): CodeIgniter\CodeIgniter->runController()
 7 SYSTEMPATH/CodeIgniter.php(368): CodeIgniter\CodeIgniter->handleRequest()
 8 FCPATH/index.php(67): CodeIgniter\CodeIgniter->run()
CRITICAL - 2023-05-15 18:44:15 --> The subquery cannot be the same object as the main query object.
in SYSTEMPATH/Database/BaseBuilder.php on line 3506.
 1 SYSTEMPATH/Database/BaseBuilder.php(778): CodeIgniter\Database\BaseBuilder->buildSubquery()
 2 SYSTEMPATH/Database/BaseBuilder.php(698): CodeIgniter\Database\BaseBuilder->whereHaving()
 3 APPPATH/Models/Forum_model.php(138): CodeIgniter\Database\BaseBuilder->where()
 4 APPPATH/Controllers/Main.php(163): App\Models\Forum_model->update_upvote()
 5 SYSTEMPATH/CodeIgniter.php(934): App\Controllers\Main->like_unlike()
 6 SYSTEMPATH/CodeIgniter.php(499): CodeIgniter\CodeIgniter->runController()
 7 SYSTEMPATH/CodeIgniter.php(368): CodeIgniter\CodeIgniter->handleRequest()
 8 FCPATH/index.php(67): CodeIgniter\CodeIgniter->run()
CRITICAL - 2023-05-15 18:44:55 --> The subquery cannot be the same object as the main query object.
in SYSTEMPATH/Database/BaseBuilder.php on line 3506.
 1 SYSTEMPATH/Database/BaseBuilder.php(778): CodeIgniter\Database\BaseBuilder->buildSubquery()
 2 SYSTEMPATH/Database/BaseBuilder.php(698): CodeIgniter\Database\BaseBuilder->whereHaving()
 3 APPPATH/Models/Forum_model.php(138): CodeIgniter\Database\BaseBuilder->where()
 4 APPPATH/Controllers/Main.php(163): App\Models\Forum_model->update_upvote()
 5 SYSTEMPATH/CodeIgniter.php(934): App\Controllers\Main->like_unlike()
 6 SYSTEMPATH/CodeIgniter.php(499): CodeIgniter\CodeIgniter->runController()
 7 SYSTEMPATH/CodeIgniter.php(368): CodeIgniter\CodeIgniter->handleRequest()
 8 FCPATH/index.php(67): CodeIgniter\CodeIgniter->run()
CRITICAL - 2023-05-15 18:44:56 --> The subquery cannot be the same object as the main query object.
in SYSTEMPATH/Database/BaseBuilder.php on line 3506.
 1 SYSTEMPATH/Database/BaseBuilder.php(778): CodeIgniter\Database\BaseBuilder->buildSubquery()
 2 SYSTEMPATH/Database/BaseBuilder.php(698): CodeIgniter\Database\BaseBuilder->whereHaving()
 3 APPPATH/Models/Forum_model.php(138): CodeIgniter\Database\BaseBuilder->where()
 4 APPPATH/Controllers/Main.php(163): App\Models\Forum_model->update_upvote()
 5 SYSTEMPATH/CodeIgniter.php(934): App\Controllers\Main->like_unlike()
 6 SYSTEMPATH/CodeIgniter.php(499): CodeIgniter\CodeIgniter->runController()
 7 SYSTEMPATH/CodeIgniter.php(368): CodeIgniter\CodeIgniter->handleRequest()
 8 FCPATH/index.php(67): CodeIgniter\CodeIgniter->run()
CRITICAL - 2023-05-15 18:44:56 --> The subquery cannot be the same object as the main query object.
in SYSTEMPATH/Database/BaseBuilder.php on line 3506.
 1 SYSTEMPATH/Database/BaseBuilder.php(778): CodeIgniter\Database\BaseBuilder->buildSubquery()
 2 SYSTEMPATH/Database/BaseBuilder.php(698): CodeIgniter\Database\BaseBuilder->whereHaving()
 3 APPPATH/Models/Forum_model.php(138): CodeIgniter\Database\BaseBuilder->where()
 4 APPPATH/Controllers/Main.php(163): App\Models\Forum_model->update_upvote()
 5 SYSTEMPATH/CodeIgniter.php(934): App\Controllers\Main->like_unlike()
 6 SYSTEMPATH/CodeIgniter.php(499): CodeIgniter\CodeIgniter->runController()
 7 SYSTEMPATH/CodeIgniter.php(368): CodeIgniter\CodeIgniter->handleRequest()
 8 FCPATH/index.php(67): CodeIgniter\CodeIgniter->run()
CRITICAL - 2023-05-15 18:45:16 --> Too few arguments to function App\Models\Forum_model::update_upvote(), 1 passed in /var/www/htdocs/demo/app/Controllers/Main.php on line 163 and exactly 2 expected
in APPPATH/Models/Forum_model.php on line 133.
 1 APPPATH/Controllers/Main.php(163): App\Models\Forum_model->update_upvote()
 2 SYSTEMPATH/CodeIgniter.php(934): App\Controllers\Main->like_unlike()
 3 SYSTEMPATH/CodeIgniter.php(499): CodeIgniter\CodeIgniter->runController()
 4 SYSTEMPATH/CodeIgniter.php(368): CodeIgniter\CodeIgniter->handleRequest()
 5 FCPATH/index.php(67): CodeIgniter\CodeIgniter->run()
CRITICAL - 2023-05-15 18:45:16 --> Too few arguments to function App\Models\Forum_model::update_upvote(), 1 passed in /var/www/htdocs/demo/app/Controllers/Main.php on line 163 and exactly 2 expected
in APPPATH/Models/Forum_model.php on line 133.
 1 APPPATH/Controllers/Main.php(163): App\Models\Forum_model->update_upvote()
 2 SYSTEMPATH/CodeIgniter.php(934): App\Controllers\Main->like_unlike()
 3 SYSTEMPATH/CodeIgniter.php(499): CodeIgniter\CodeIgniter->runController()
 4 SYSTEMPATH/CodeIgniter.php(368): CodeIgniter\CodeIgniter->handleRequest()
 5 FCPATH/index.php(67): CodeIgniter\CodeIgniter->run()
CRITICAL - 2023-05-15 18:45:16 --> Too few arguments to function App\Models\Forum_model::update_upvote(), 1 passed in /var/www/htdocs/demo/app/Controllers/Main.php on line 163 and exactly 2 expected
in APPPATH/Models/Forum_model.php on line 133.
 1 APPPATH/Controllers/Main.php(163): App\Models\Forum_model->update_upvote()
 2 SYSTEMPATH/CodeIgniter.php(934): App\Controllers\Main->like_unlike()
 3 SYSTEMPATH/CodeIgniter.php(499): CodeIgniter\CodeIgniter->runController()
 4 SYSTEMPATH/CodeIgniter.php(368): CodeIgniter\CodeIgniter->handleRequest()
 5 FCPATH/index.php(67): CodeIgniter\CodeIgniter->run()
CRITICAL - 2023-05-15 18:50:57 --> The subquery cannot be the same object as the main query object.
in SYSTEMPATH/Database/BaseBuilder.php on line 3506.
 1 SYSTEMPATH/Database/BaseBuilder.php(778): CodeIgniter\Database\BaseBuilder->buildSubquery()
 2 SYSTEMPATH/Database/BaseBuilder.php(698): CodeIgniter\Database\BaseBuilder->whereHaving()
 3 APPPATH/Models/Forum_model.php(146): CodeIgniter\Database\BaseBuilder->where()
 4 APPPATH/Controllers/Main.php(163): App\Models\Forum_model->update_upvote()
 5 SYSTEMPATH/CodeIgniter.php(934): App\Controllers\Main->like_unlike()
 6 SYSTEMPATH/CodeIgniter.php(499): CodeIgniter\CodeIgniter->runController()
 7 SYSTEMPATH/CodeIgniter.php(368): CodeIgniter\CodeIgniter->handleRequest()
 8 FCPATH/index.php(67): CodeIgniter\CodeIgniter->run()
CRITICAL - 2023-05-15 18:50:58 --> The subquery cannot be the same object as the main query object.
in SYSTEMPATH/Database/BaseBuilder.php on line 3506.
 1 SYSTEMPATH/Database/BaseBuilder.php(778): CodeIgniter\Database\BaseBuilder->buildSubquery()
 2 SYSTEMPATH/Database/BaseBuilder.php(698): CodeIgniter\Database\BaseBuilder->whereHaving()
 3 APPPATH/Models/Forum_model.php(140): CodeIgniter\Database\BaseBuilder->where()
 4 APPPATH/Controllers/Main.php(163): App\Models\Forum_model->update_upvote()
 5 SYSTEMPATH/CodeIgniter.php(934): App\Controllers\Main->like_unlike()
 6 SYSTEMPATH/CodeIgniter.php(499): CodeIgniter\CodeIgniter->runController()
 7 SYSTEMPATH/CodeIgniter.php(368): CodeIgniter\CodeIgniter->handleRequest()
 8 FCPATH/index.php(67): CodeIgniter\CodeIgniter->run()
CRITICAL - 2023-05-15 18:50:58 --> The subquery cannot be the same object as the main query object.
in SYSTEMPATH/Database/BaseBuilder.php on line 3506.
 1 SYSTEMPATH/Database/BaseBuilder.php(778): CodeIgniter\Database\BaseBuilder->buildSubquery()
 2 SYSTEMPATH/Database/BaseBuilder.php(698): CodeIgniter\Database\BaseBuilder->whereHaving()
 3 APPPATH/Models/Forum_model.php(146): CodeIgniter\Database\BaseBuilder->where()
 4 APPPATH/Controllers/Main.php(163): App\Models\Forum_model->update_upvote()
 5 SYSTEMPATH/CodeIgniter.php(934): App\Controllers\Main->like_unlike()
 6 SYSTEMPATH/CodeIgniter.php(499): CodeIgniter\CodeIgniter->runController()
 7 SYSTEMPATH/CodeIgniter.php(368): CodeIgniter\CodeIgniter->handleRequest()
 8 FCPATH/index.php(67): CodeIgniter\CodeIgniter->run()
CRITICAL - 2023-05-15 18:50:58 --> The subquery cannot be the same object as the main query object.
in SYSTEMPATH/Database/BaseBuilder.php on line 3506.
 1 SYSTEMPATH/Database/BaseBuilder.php(778): CodeIgniter\Database\BaseBuilder->buildSubquery()
 2 SYSTEMPATH/Database/BaseBuilder.php(698): CodeIgniter\Database\BaseBuilder->whereHaving()
 3 APPPATH/Models/Forum_model.php(140): CodeIgniter\Database\BaseBuilder->where()
 4 APPPATH/Controllers/Main.php(163): App\Models\Forum_model->update_upvote()
 5 SYSTEMPATH/CodeIgniter.php(934): App\Controllers\Main->like_unlike()
 6 SYSTEMPATH/CodeIgniter.php(499): CodeIgniter\CodeIgniter->runController()
 7 SYSTEMPATH/CodeIgniter.php(368): CodeIgniter\CodeIgniter->handleRequest()
 8 FCPATH/index.php(67): CodeIgniter\CodeIgniter->run()
CRITICAL - 2023-05-15 18:50:58 --> The subquery cannot be the same object as the main query object.
in SYSTEMPATH/Database/BaseBuilder.php on line 3506.
 1 SYSTEMPATH/Database/BaseBuilder.php(778): CodeIgniter\Database\BaseBuilder->buildSubquery()
 2 SYSTEMPATH/Database/BaseBuilder.php(698): CodeIgniter\Database\BaseBuilder->whereHaving()
 3 APPPATH/Models/Forum_model.php(146): CodeIgniter\Database\BaseBuilder->where()
 4 APPPATH/Controllers/Main.php(163): App\Models\Forum_model->update_upvote()
 5 SYSTEMPATH/CodeIgniter.php(934): App\Controllers\Main->like_unlike()
 6 SYSTEMPATH/CodeIgniter.php(499): CodeIgniter\CodeIgniter->runController()
 7 SYSTEMPATH/CodeIgniter.php(368): CodeIgniter\CodeIgniter->handleRequest()
 8 FCPATH/index.php(67): CodeIgniter\CodeIgniter->run()
CRITICAL - 2023-05-15 18:52:05 --> The subquery cannot be the same object as the main query object.
in SYSTEMPATH/Database/BaseBuilder.php on line 3506.
 1 SYSTEMPATH/Database/BaseBuilder.php(778): CodeIgniter\Database\BaseBuilder->buildSubquery()
 2 SYSTEMPATH/Database/BaseBuilder.php(698): CodeIgniter\Database\BaseBuilder->whereHaving()
 3 APPPATH/Models/Forum_model.php(140): CodeIgniter\Database\BaseBuilder->where()
 4 APPPATH/Controllers/Main.php(170): App\Models\Forum_model->update_upvote()
 5 SYSTEMPATH/CodeIgniter.php(934): App\Controllers\Main->like_unlike()
 6 SYSTEMPATH/CodeIgniter.php(499): CodeIgniter\CodeIgniter->runController()
 7 SYSTEMPATH/CodeIgniter.php(368): CodeIgniter\CodeIgniter->handleRequest()
 8 FCPATH/index.php(67): CodeIgniter\CodeIgniter->run()
CRITICAL - 2023-05-15 18:52:06 --> The subquery cannot be the same object as the main query object.
in SYSTEMPATH/Database/BaseBuilder.php on line 3506.
 1 SYSTEMPATH/Database/BaseBuilder.php(778): CodeIgniter\Database\BaseBuilder->buildSubquery()
 2 SYSTEMPATH/Database/BaseBuilder.php(698): CodeIgniter\Database\BaseBuilder->whereHaving()
 3 APPPATH/Models/Forum_model.php(146): CodeIgniter\Database\BaseBuilder->where()
 4 APPPATH/Controllers/Main.php(170): App\Models\Forum_model->update_upvote()
 5 SYSTEMPATH/CodeIgniter.php(934): App\Controllers\Main->like_unlike()
 6 SYSTEMPATH/CodeIgniter.php(499): CodeIgniter\CodeIgniter->runController()
 7 SYSTEMPATH/CodeIgniter.php(368): CodeIgniter\CodeIgniter->handleRequest()
 8 FCPATH/index.php(67): CodeIgniter\CodeIgniter->run()
CRITICAL - 2023-05-15 18:52:07 --> The subquery cannot be the same object as the main query object.
in SYSTEMPATH/Database/BaseBuilder.php on line 3506.
 1 SYSTEMPATH/Database/BaseBuilder.php(778): CodeIgniter\Database\BaseBuilder->buildSubquery()
 2 SYSTEMPATH/Database/BaseBuilder.php(698): CodeIgniter\Database\BaseBuilder->whereHaving()
 3 APPPATH/Models/Forum_model.php(140): CodeIgniter\Database\BaseBuilder->where()
 4 APPPATH/Controllers/Main.php(170): App\Models\Forum_model->update_upvote()
 5 SYSTEMPATH/CodeIgniter.php(934): App\Controllers\Main->like_unlike()
 6 SYSTEMPATH/CodeIgniter.php(499): CodeIgniter\CodeIgniter->runController()
 7 SYSTEMPATH/CodeIgniter.php(368): CodeIgniter\CodeIgniter->handleRequest()
 8 FCPATH/index.php(67): CodeIgniter\CodeIgniter->run()
CRITICAL - 2023-05-15 18:52:08 --> The subquery cannot be the same object as the main query object.
in SYSTEMPATH/Database/BaseBuilder.php on line 3506.
 1 SYSTEMPATH/Database/BaseBuilder.php(778): CodeIgniter\Database\BaseBuilder->buildSubquery()
 2 SYSTEMPATH/Database/BaseBuilder.php(698): CodeIgniter\Database\BaseBuilder->whereHaving()
 3 APPPATH/Models/Forum_model.php(146): CodeIgniter\Database\BaseBuilder->where()
 4 APPPATH/Controllers/Main.php(170): App\Models\Forum_model->update_upvote()
 5 SYSTEMPATH/CodeIgniter.php(934): App\Controllers\Main->like_unlike()
 6 SYSTEMPATH/CodeIgniter.php(499): CodeIgniter\CodeIgniter->runController()
 7 SYSTEMPATH/CodeIgniter.php(368): CodeIgniter\CodeIgniter->handleRequest()
 8 FCPATH/index.php(67): CodeIgniter\CodeIgniter->run()
CRITICAL - 2023-05-15 18:52:13 --> The subquery cannot be the same object as the main query object.
in SYSTEMPATH/Database/BaseBuilder.php on line 3506.
 1 SYSTEMPATH/Database/BaseBuilder.php(778): CodeIgniter\Database\BaseBuilder->buildSubquery()
 2 SYSTEMPATH/Database/BaseBuilder.php(698): CodeIgniter\Database\BaseBuilder->whereHaving()
 3 APPPATH/Models/Forum_model.php(140): CodeIgniter\Database\BaseBuilder->where()
 4 APPPATH/Controllers/Main.php(170): App\Models\Forum_model->update_upvote()
 5 SYSTEMPATH/CodeIgniter.php(934): App\Controllers\Main->like_unlike()
 6 SYSTEMPATH/CodeIgniter.php(499): CodeIgniter\CodeIgniter->runController()
 7 SYSTEMPATH/CodeIgniter.php(368): CodeIgniter\CodeIgniter->handleRequest()
 8 FCPATH/index.php(67): CodeIgniter\CodeIgniter->run()
CRITICAL - 2023-05-15 18:52:13 --> The subquery cannot be the same object as the main query object.
in SYSTEMPATH/Database/BaseBuilder.php on line 3506.
 1 SYSTEMPATH/Database/BaseBuilder.php(778): CodeIgniter\Database\BaseBuilder->buildSubquery()
 2 SYSTEMPATH/Database/BaseBuilder.php(698): CodeIgniter\Database\BaseBuilder->whereHaving()
 3 APPPATH/Models/Forum_model.php(146): CodeIgniter\Database\BaseBuilder->where()
 4 APPPATH/Controllers/Main.php(170): App\Models\Forum_model->update_upvote()
 5 SYSTEMPATH/CodeIgniter.php(934): App\Controllers\Main->like_unlike()
 6 SYSTEMPATH/CodeIgniter.php(499): CodeIgniter\CodeIgniter->runController()
 7 SYSTEMPATH/CodeIgniter.php(368): CodeIgniter\CodeIgniter->handleRequest()
 8 FCPATH/index.php(67): CodeIgniter\CodeIgniter->run()
CRITICAL - 2023-05-15 18:52:13 --> The subquery cannot be the same object as the main query object.
in SYSTEMPATH/Database/BaseBuilder.php on line 3506.
 1 SYSTEMPATH/Database/BaseBuilder.php(778): CodeIgniter\Database\BaseBuilder->buildSubquery()
 2 SYSTEMPATH/Database/BaseBuilder.php(698): CodeIgniter\Database\BaseBuilder->whereHaving()
 3 APPPATH/Models/Forum_model.php(140): CodeIgniter\Database\BaseBuilder->where()
 4 APPPATH/Controllers/Main.php(170): App\Models\Forum_model->update_upvote()
 5 SYSTEMPATH/CodeIgniter.php(934): App\Controllers\Main->like_unlike()
 6 SYSTEMPATH/CodeIgniter.php(499): CodeIgniter\CodeIgniter->runController()
 7 SYSTEMPATH/CodeIgniter.php(368): CodeIgniter\CodeIgniter->handleRequest()
 8 FCPATH/index.php(67): CodeIgniter\CodeIgniter->run()
CRITICAL - 2023-05-15 18:52:19 --> The subquery cannot be the same object as the main query object.
in SYSTEMPATH/Database/BaseBuilder.php on line 3506.
 1 SYSTEMPATH/Database/BaseBuilder.php(778): CodeIgniter\Database\BaseBuilder->buildSubquery()
 2 SYSTEMPATH/Database/BaseBuilder.php(698): CodeIgniter\Database\BaseBuilder->whereHaving()
 3 APPPATH/Models/Forum_model.php(146): CodeIgniter\Database\BaseBuilder->where()
 4 APPPATH/Controllers/Main.php(170): App\Models\Forum_model->update_upvote()
 5 SYSTEMPATH/CodeIgniter.php(934): App\Controllers\Main->like_unlike()
 6 SYSTEMPATH/CodeIgniter.php(499): CodeIgniter\CodeIgniter->runController()
 7 SYSTEMPATH/CodeIgniter.php(368): CodeIgniter\CodeIgniter->handleRequest()
 8 FCPATH/index.php(67): CodeIgniter\CodeIgniter->run()
CRITICAL - 2023-05-15 18:52:19 --> The subquery cannot be the same object as the main query object.
in SYSTEMPATH/Database/BaseBuilder.php on line 3506.
 1 SYSTEMPATH/Database/BaseBuilder.php(778): CodeIgniter\Database\BaseBuilder->buildSubquery()
 2 SYSTEMPATH/Database/BaseBuilder.php(698): CodeIgniter\Database\BaseBuilder->whereHaving()
 3 APPPATH/Models/Forum_model.php(140): CodeIgniter\Database\BaseBuilder->where()
 4 APPPATH/Controllers/Main.php(170): App\Models\Forum_model->update_upvote()
 5 SYSTEMPATH/CodeIgniter.php(934): App\Controllers\Main->like_unlike()
 6 SYSTEMPATH/CodeIgniter.php(499): CodeIgniter\CodeIgniter->runController()
 7 SYSTEMPATH/CodeIgniter.php(368): CodeIgniter\CodeIgniter->handleRequest()
 8 FCPATH/index.php(67): CodeIgniter\CodeIgniter->run()
CRITICAL - 2023-05-15 18:52:19 --> The subquery cannot be the same object as the main query object.
in SYSTEMPATH/Database/BaseBuilder.php on line 3506.
 1 SYSTEMPATH/Database/BaseBuilder.php(778): CodeIgniter\Database\BaseBuilder->buildSubquery()
 2 SYSTEMPATH/Database/BaseBuilder.php(698): CodeIgniter\Database\BaseBuilder->whereHaving()
 3 APPPATH/Models/Forum_model.php(146): CodeIgniter\Database\BaseBuilder->where()
 4 APPPATH/Controllers/Main.php(170): App\Models\Forum_model->update_upvote()
 5 SYSTEMPATH/CodeIgniter.php(934): App\Controllers\Main->like_unlike()
 6 SYSTEMPATH/CodeIgniter.php(499): CodeIgniter\CodeIgniter->runController()
 7 SYSTEMPATH/CodeIgniter.php(368): CodeIgniter\CodeIgniter->handleRequest()
 8 FCPATH/index.php(67): CodeIgniter\CodeIgniter->run()
CRITICAL - 2023-05-15 18:53:21 --> The subquery cannot be the same object as the main query object.
in SYSTEMPATH/Database/BaseBuilder.php on line 3506.
 1 SYSTEMPATH/Database/BaseBuilder.php(778): CodeIgniter\Database\BaseBuilder->buildSubquery()
 2 SYSTEMPATH/Database/BaseBuilder.php(698): CodeIgniter\Database\BaseBuilder->whereHaving()
 3 APPPATH/Models/Forum_model.php(140): CodeIgniter\Database\BaseBuilder->where()
 4 APPPATH/Controllers/Main.php(164): App\Models\Forum_model->update_upvote()
 5 SYSTEMPATH/CodeIgniter.php(934): App\Controllers\Main->like_unlike()
 6 SYSTEMPATH/CodeIgniter.php(499): CodeIgniter\CodeIgniter->runController()
 7 SYSTEMPATH/CodeIgniter.php(368): CodeIgniter\CodeIgniter->handleRequest()
 8 FCPATH/index.php(67): CodeIgniter\CodeIgniter->run()
CRITICAL - 2023-05-15 18:53:22 --> The subquery cannot be the same object as the main query object.
in SYSTEMPATH/Database/BaseBuilder.php on line 3506.
 1 SYSTEMPATH/Database/BaseBuilder.php(778): CodeIgniter\Database\BaseBuilder->buildSubquery()
 2 SYSTEMPATH/Database/BaseBuilder.php(698): CodeIgniter\Database\BaseBuilder->whereHaving()
 3 APPPATH/Models/Forum_model.php(140): CodeIgniter\Database\BaseBuilder->where()
 4 APPPATH/Controllers/Main.php(164): App\Models\Forum_model->update_upvote()
 5 SYSTEMPATH/CodeIgniter.php(934): App\Controllers\Main->like_unlike()
 6 SYSTEMPATH/CodeIgniter.php(499): CodeIgniter\CodeIgniter->runController()
 7 SYSTEMPATH/CodeIgniter.php(368): CodeIgniter\CodeIgniter->handleRequest()
 8 FCPATH/index.php(67): CodeIgniter\CodeIgniter->run()
CRITICAL - 2023-05-15 18:53:55 --> The subquery cannot be the same object as the main query object.
in SYSTEMPATH/Database/BaseBuilder.php on line 3506.
 1 SYSTEMPATH/Database/BaseBuilder.php(778): CodeIgniter\Database\BaseBuilder->buildSubquery()
 2 SYSTEMPATH/Database/BaseBuilder.php(698): CodeIgniter\Database\BaseBuilder->whereHaving()
 3 APPPATH/Models/Forum_model.php(140): CodeIgniter\Database\BaseBuilder->where()
 4 APPPATH/Controllers/Main.php(164): App\Models\Forum_model->update_upvote()
 5 SYSTEMPATH/CodeIgniter.php(934): App\Controllers\Main->like_unlike()
 6 SYSTEMPATH/CodeIgniter.php(499): CodeIgniter\CodeIgniter->runController()
 7 SYSTEMPATH/CodeIgniter.php(368): CodeIgniter\CodeIgniter->handleRequest()
 8 FCPATH/index.php(67): CodeIgniter\CodeIgniter->run()
CRITICAL - 2023-05-15 18:53:55 --> The subquery cannot be the same object as the main query object.
in SYSTEMPATH/Database/BaseBuilder.php on line 3506.
 1 SYSTEMPATH/Database/BaseBuilder.php(778): CodeIgniter\Database\BaseBuilder->buildSubquery()
 2 SYSTEMPATH/Database/BaseBuilder.php(698): CodeIgniter\Database\BaseBuilder->whereHaving()
 3 APPPATH/Models/Forum_model.php(140): CodeIgniter\Database\BaseBuilder->where()
 4 APPPATH/Controllers/Main.php(164): App\Models\Forum_model->update_upvote()
 5 SYSTEMPATH/CodeIgniter.php(934): App\Controllers\Main->like_unlike()
 6 SYSTEMPATH/CodeIgniter.php(499): CodeIgniter\CodeIgniter->runController()
 7 SYSTEMPATH/CodeIgniter.php(368): CodeIgniter\CodeIgniter->handleRequest()
 8 FCPATH/index.php(67): CodeIgniter\CodeIgniter->run()
CRITICAL - 2023-05-15 18:53:56 --> The subquery cannot be the same object as the main query object.
in SYSTEMPATH/Database/BaseBuilder.php on line 3506.
 1 SYSTEMPATH/Database/BaseBuilder.php(778): CodeIgniter\Database\BaseBuilder->buildSubquery()
 2 SYSTEMPATH/Database/BaseBuilder.php(698): CodeIgniter\Database\BaseBuilder->whereHaving()
 3 APPPATH/Models/Forum_model.php(140): CodeIgniter\Database\BaseBuilder->where()
 4 APPPATH/Controllers/Main.php(164): App\Models\Forum_model->update_upvote()
 5 SYSTEMPATH/CodeIgniter.php(934): App\Controllers\Main->like_unlike()
 6 SYSTEMPATH/CodeIgniter.php(499): CodeIgniter\CodeIgniter->runController()
 7 SYSTEMPATH/CodeIgniter.php(368): CodeIgniter\CodeIgniter->handleRequest()
 8 FCPATH/index.php(67): CodeIgniter\CodeIgniter->run()
CRITICAL - 2023-05-15 18:54:14 --> The subquery cannot be the same object as the main query object.
in SYSTEMPATH/Database/BaseBuilder.php on line 3506.
 1 SYSTEMPATH/Database/BaseBuilder.php(778): CodeIgniter\Database\BaseBuilder->buildSubquery()
 2 SYSTEMPATH/Database/BaseBuilder.php(698): CodeIgniter\Database\BaseBuilder->whereHaving()
 3 APPPATH/Models/Forum_model.php(140): CodeIgniter\Database\BaseBuilder->where()
 4 APPPATH/Controllers/Main.php(166): App\Models\Forum_model->update_upvote()
 5 SYSTEMPATH/CodeIgniter.php(934): App\Controllers\Main->like_unlike()
 6 SYSTEMPATH/CodeIgniter.php(499): CodeIgniter\CodeIgniter->runController()
 7 SYSTEMPATH/CodeIgniter.php(368): CodeIgniter\CodeIgniter->handleRequest()
 8 FCPATH/index.php(67): CodeIgniter\CodeIgniter->run()
CRITICAL - 2023-05-15 18:54:14 --> The subquery cannot be the same object as the main query object.
in SYSTEMPATH/Database/BaseBuilder.php on line 3506.
 1 SYSTEMPATH/Database/BaseBuilder.php(778): CodeIgniter\Database\BaseBuilder->buildSubquery()
 2 SYSTEMPATH/Database/BaseBuilder.php(698): CodeIgniter\Database\BaseBuilder->whereHaving()
 3 APPPATH/Models/Forum_model.php(140): CodeIgniter\Database\BaseBuilder->where()
 4 APPPATH/Controllers/Main.php(166): App\Models\Forum_model->update_upvote()
 5 SYSTEMPATH/CodeIgniter.php(934): App\Controllers\Main->like_unlike()
 6 SYSTEMPATH/CodeIgniter.php(499): CodeIgniter\CodeIgniter->runController()
 7 SYSTEMPATH/CodeIgniter.php(368): CodeIgniter\CodeIgniter->handleRequest()
 8 FCPATH/index.php(67): CodeIgniter\CodeIgniter->run()
CRITICAL - 2023-05-15 18:54:19 --> The subquery cannot be the same object as the main query object.
in SYSTEMPATH/Database/BaseBuilder.php on line 3506.
 1 SYSTEMPATH/Database/BaseBuilder.php(778): CodeIgniter\Database\BaseBuilder->buildSubquery()
 2 SYSTEMPATH/Database/BaseBuilder.php(698): CodeIgniter\Database\BaseBuilder->whereHaving()
 3 APPPATH/Models/Forum_model.php(140): CodeIgniter\Database\BaseBuilder->where()
 4 APPPATH/Controllers/Main.php(166): App\Models\Forum_model->update_upvote()
 5 SYSTEMPATH/CodeIgniter.php(934): App\Controllers\Main->like_unlike()
 6 SYSTEMPATH/CodeIgniter.php(499): CodeIgniter\CodeIgniter->runController()
 7 SYSTEMPATH/CodeIgniter.php(368): CodeIgniter\CodeIgniter->handleRequest()
 8 FCPATH/index.php(67): CodeIgniter\CodeIgniter->run()
CRITICAL - 2023-05-15 18:54:21 --> The subquery cannot be the same object as the main query object.
in SYSTEMPATH/Database/BaseBuilder.php on line 3506.
 1 SYSTEMPATH/Database/BaseBuilder.php(778): CodeIgniter\Database\BaseBuilder->buildSubquery()
 2 SYSTEMPATH/Database/BaseBuilder.php(698): CodeIgniter\Database\BaseBuilder->whereHaving()
 3 APPPATH/Models/Forum_model.php(140): CodeIgniter\Database\BaseBuilder->where()
 4 APPPATH/Controllers/Main.php(166): App\Models\Forum_model->update_upvote()
 5 SYSTEMPATH/CodeIgniter.php(934): App\Controllers\Main->like_unlike()
 6 SYSTEMPATH/CodeIgniter.php(499): CodeIgniter\CodeIgniter->runController()
 7 SYSTEMPATH/CodeIgniter.php(368): CodeIgniter\CodeIgniter->handleRequest()
 8 FCPATH/index.php(67): CodeIgniter\CodeIgniter->run()
CRITICAL - 2023-05-15 18:54:21 --> The subquery cannot be the same object as the main query object.
in SYSTEMPATH/Database/BaseBuilder.php on line 3506.
 1 SYSTEMPATH/Database/BaseBuilder.php(778): CodeIgniter\Database\BaseBuilder->buildSubquery()
 2 SYSTEMPATH/Database/BaseBuilder.php(698): CodeIgniter\Database\BaseBuilder->whereHaving()
 3 APPPATH/Models/Forum_model.php(140): CodeIgniter\Database\BaseBuilder->where()
 4 APPPATH/Controllers/Main.php(166): App\Models\Forum_model->update_upvote()
 5 SYSTEMPATH/CodeIgniter.php(934): App\Controllers\Main->like_unlike()
 6 SYSTEMPATH/CodeIgniter.php(499): CodeIgniter\CodeIgniter->runController()
 7 SYSTEMPATH/CodeIgniter.php(368): CodeIgniter\CodeIgniter->handleRequest()
 8 FCPATH/index.php(67): CodeIgniter\CodeIgniter->run()
CRITICAL - 2023-05-15 19:05:37 --> Array to string conversion
in APPPATH/Views/home.php on line 16.
 1 APPPATH/Views/home.php(16): CodeIgniter\Debug\Exceptions->errorHandler()
 2 SYSTEMPATH/View/View.php(213): include('APPPATH/Views/home.php')
 3 SYSTEMPATH/View/View.php(216): CodeIgniter\View\View->CodeIgniter\View\{closure}()
 4 SYSTEMPATH/Common.php(1184): CodeIgniter\View\View->render()
 5 APPPATH/Controllers/Main.php(56): view()
 6 SYSTEMPATH/CodeIgniter.php(934): App\Controllers\Main->index()
 7 SYSTEMPATH/CodeIgniter.php(499): CodeIgniter\CodeIgniter->runController()
 8 SYSTEMPATH/CodeIgniter.php(368): CodeIgniter\CodeIgniter->handleRequest()
 9 FCPATH/index.php(67): CodeIgniter\CodeIgniter->run()
CRITICAL - 2023-05-15 19:09:14 --> Trying to access array offset on value of type int
in APPPATH/Controllers/Main.php on line 50.
 1 APPPATH/Controllers/Main.php(50): CodeIgniter\Debug\Exceptions->errorHandler()
 2 SYSTEMPATH/CodeIgniter.php(934): App\Controllers\Main->index()
 3 SYSTEMPATH/CodeIgniter.php(499): CodeIgniter\CodeIgniter->runController()
 4 SYSTEMPATH/CodeIgniter.php(368): CodeIgniter\CodeIgniter->handleRequest()
 5 FCPATH/index.php(67): CodeIgniter\CodeIgniter->run()
CRITICAL - 2023-05-15 19:09:28 --> Trying to access array offset on value of type int
in APPPATH/Controllers/Main.php on line 49.
 1 APPPATH/Controllers/Main.php(49): CodeIgniter\Debug\Exceptions->errorHandler()
 2 SYSTEMPATH/CodeIgniter.php(934): App\Controllers\Main->index()
 3 SYSTEMPATH/CodeIgniter.php(499): CodeIgniter\CodeIgniter->runController()
 4 SYSTEMPATH/CodeIgniter.php(368): CodeIgniter\CodeIgniter->handleRequest()
 5 FCPATH/index.php(67): CodeIgniter\CodeIgniter->run()
CRITICAL - 2023-05-15 19:10:18 --> Attempt to read property "view_count" on int
in APPPATH/Controllers/Main.php on line 49.
 1 APPPATH/Controllers/Main.php(49): CodeIgniter\Debug\Exceptions->errorHandler()
 2 SYSTEMPATH/CodeIgniter.php(934): App\Controllers\Main->index()
 3 SYSTEMPATH/CodeIgniter.php(499): CodeIgniter\CodeIgniter->runController()
 4 SYSTEMPATH/CodeIgniter.php(368): CodeIgniter\CodeIgniter->handleRequest()
 5 FCPATH/index.php(67): CodeIgniter\CodeIgniter->run()
CRITICAL - 2023-05-15 19:11:31 --> Undefined variable $views
in APPPATH/Views/home.php on line 16.
 1 APPPATH/Views/home.php(16): CodeIgniter\Debug\Exceptions->errorHandler()
 2 SYSTEMPATH/View/View.php(213): include('APPPATH/Views/home.php')
 3 SYSTEMPATH/View/View.php(216): CodeIgniter\View\View->CodeIgniter\View\{closure}()
 4 SYSTEMPATH/Common.php(1184): CodeIgniter\View\View->render()
 5 APPPATH/Controllers/Main.php(62): view()
 6 SYSTEMPATH/CodeIgniter.php(934): App\Controllers\Main->index()
 7 SYSTEMPATH/CodeIgniter.php(499): CodeIgniter\CodeIgniter->runController()
 8 SYSTEMPATH/CodeIgniter.php(368): CodeIgniter\CodeIgniter->handleRequest()
 9 FCPATH/index.php(67): CodeIgniter\CodeIgniter->run()
CRITICAL - 2023-05-15 19:11:39 --> Cannot use object of type stdClass as array
in APPPATH/Controllers/Main.php on line 124.
 1 SYSTEMPATH/CodeIgniter.php(934): App\Controllers\Main->thread()
 2 SYSTEMPATH/CodeIgniter.php(499): CodeIgniter\CodeIgniter->runController()
 3 SYSTEMPATH/CodeIgniter.php(368): CodeIgniter\CodeIgniter->handleRequest()
 4 FCPATH/index.php(67): CodeIgniter\CodeIgniter->run()
