CRITICAL - 2023-04-03 15:17:14 --> Undefined variable $rountes
in APPPATH/Config/Routes.php on line 34.
 1 APPPATH/Config/Routes.php(34): CodeIgniter\Debug\Exceptions->errorHandler()
 2 SYSTEMPATH/Router/RouteCollection.php(267): require('APPPATH/Config/Routes.php')
 3 SYSTEMPATH/CodeIgniter.php(802): CodeIgniter\Router\RouteCollection->loadRoutes()
 4 SYSTEMPATH/CodeIgniter.php(449): CodeIgniter\CodeIgniter->tryToRouteIt()
 5 SYSTEMPATH/CodeIgniter.php(368): CodeIgniter\CodeIgniter->handleRequest()
 6 FCPATH/index.php(67): CodeIgniter\CodeIgniter->run()
CRITICAL - 2023-04-03 15:17:20 --> Undefined variable $rountes
in APPPATH/Config/Routes.php on line 34.
 1 APPPATH/Config/Routes.php(34): CodeIgniter\Debug\Exceptions->errorHandler()
 2 SYSTEMPATH/Router/RouteCollection.php(267): require('APPPATH/Config/Routes.php')
 3 SYSTEMPATH/CodeIgniter.php(802): CodeIgniter\Router\RouteCollection->loadRoutes()
 4 SYSTEMPATH/CodeIgniter.php(449): CodeIgniter\CodeIgniter->tryToRouteIt()
 5 SYSTEMPATH/CodeIgniter.php(368): CodeIgniter\CodeIgniter->handleRequest()
 6 FCPATH/index.php(67): CodeIgniter\CodeIgniter->run()
CRITICAL - 2023-04-03 15:21:02 --> Undefined variable $rountes
in APPPATH/Config/Routes.php on line 34.
 1 APPPATH/Config/Routes.php(34): CodeIgniter\Debug\Exceptions->errorHandler()
 2 SYSTEMPATH/Router/RouteCollection.php(267): require('APPPATH/Config/Routes.php')
 3 SYSTEMPATH/CodeIgniter.php(802): CodeIgniter\Router\RouteCollection->loadRoutes()
 4 SYSTEMPATH/CodeIgniter.php(449): CodeIgniter\CodeIgniter->tryToRouteIt()
 5 SYSTEMPATH/CodeIgniter.php(368): CodeIgniter\CodeIgniter->handleRequest()
 6 FCPATH/index.php(67): CodeIgniter\CodeIgniter->run()
CRITICAL - 2023-04-03 15:21:07 --> Undefined variable $rountes
in APPPATH/Config/Routes.php on line 34.
 1 APPPATH/Config/Routes.php(34): CodeIgniter\Debug\Exceptions->errorHandler()
 2 SYSTEMPATH/Router/RouteCollection.php(267): require('APPPATH/Config/Routes.php')
 3 SYSTEMPATH/CodeIgniter.php(802): CodeIgniter\Router\RouteCollection->loadRoutes()
 4 SYSTEMPATH/CodeIgniter.php(449): CodeIgniter\CodeIgniter->tryToRouteIt()
 5 SYSTEMPATH/CodeIgniter.php(368): CodeIgniter\CodeIgniter->handleRequest()
 6 FCPATH/index.php(67): CodeIgniter\CodeIgniter->run()
CRITICAL - 2023-04-03 15:21:09 --> Undefined variable $rountes
in APPPATH/Config/Routes.php on line 34.
 1 APPPATH/Config/Routes.php(34): CodeIgniter\Debug\Exceptions->errorHandler()
 2 SYSTEMPATH/Router/RouteCollection.php(267): require('APPPATH/Config/Routes.php')
 3 SYSTEMPATH/CodeIgniter.php(802): CodeIgniter\Router\RouteCollection->loadRoutes()
 4 SYSTEMPATH/CodeIgniter.php(449): CodeIgniter\CodeIgniter->tryToRouteIt()
 5 SYSTEMPATH/CodeIgniter.php(368): CodeIgniter\CodeIgniter->handleRequest()
 6 FCPATH/index.php(67): CodeIgniter\CodeIgniter->run()
CRITICAL - 2023-04-03 15:21:11 --> Undefined variable $rountes
in APPPATH/Config/Routes.php on line 34.
 1 APPPATH/Config/Routes.php(34): CodeIgniter\Debug\Exceptions->errorHandler()
 2 SYSTEMPATH/Router/RouteCollection.php(267): require('APPPATH/Config/Routes.php')
 3 SYSTEMPATH/CodeIgniter.php(802): CodeIgniter\Router\RouteCollection->loadRoutes()
 4 SYSTEMPATH/CodeIgniter.php(449): CodeIgniter\CodeIgniter->tryToRouteIt()
 5 SYSTEMPATH/CodeIgniter.php(368): CodeIgniter\CodeIgniter->handleRequest()
 6 FCPATH/index.php(67): CodeIgniter\CodeIgniter->run()
CRITICAL - 2023-04-03 15:22:19 --> Undefined variable $rountes
in APPPATH/Config/Routes.php on line 34.
 1 APPPATH/Config/Routes.php(34): CodeIgniter\Debug\Exceptions->errorHandler()
 2 SYSTEMPATH/Router/RouteCollection.php(267): require('APPPATH/Config/Routes.php')
 3 SYSTEMPATH/CodeIgniter.php(802): CodeIgniter\Router\RouteCollection->loadRoutes()
 4 SYSTEMPATH/CodeIgniter.php(449): CodeIgniter\CodeIgniter->tryToRouteIt()
 5 SYSTEMPATH/CodeIgniter.php(368): CodeIgniter\CodeIgniter->handleRequest()
 6 FCPATH/index.php(67): CodeIgniter\CodeIgniter->run()
CRITICAL - 2023-04-03 15:23:01 --> Undefined variable $rountes
in APPPATH/Config/Routes.php on line 34.
 1 APPPATH/Config/Routes.php(34): CodeIgniter\Debug\Exceptions->errorHandler()
 2 SYSTEMPATH/Router/RouteCollection.php(267): require('APPPATH/Config/Routes.php')
 3 SYSTEMPATH/CodeIgniter.php(802): CodeIgniter\Router\RouteCollection->loadRoutes()
 4 SYSTEMPATH/CodeIgniter.php(449): CodeIgniter\CodeIgniter->tryToRouteIt()
 5 SYSTEMPATH/CodeIgniter.php(368): CodeIgniter\CodeIgniter->handleRequest()
 6 FCPATH/index.php(67): CodeIgniter\CodeIgniter->run()
CRITICAL - 2023-04-03 15:23:28 --> Call to undefined function form_open()
in APPPATH/Views/login.php on line 3.
 1 SYSTEMPATH/View/View.php(213): include()
 2 SYSTEMPATH/View/View.php(216): CodeIgniter\View\View->CodeIgniter\View\{closure}()
 3 SYSTEMPATH/Common.php(1184): CodeIgniter\View\View->render()
 4 APPPATH/Controllers/Login.php(10): view()
 5 SYSTEMPATH/CodeIgniter.php(934): App\Controllers\Login->index()
 6 SYSTEMPATH/CodeIgniter.php(499): CodeIgniter\CodeIgniter->runController()
 7 SYSTEMPATH/CodeIgniter.php(368): CodeIgniter\CodeIgniter->handleRequest()
 8 FCPATH/index.php(67): CodeIgniter\CodeIgniter->run()
CRITICAL - 2023-04-03 15:23:32 --> Call to undefined function form_open()
in APPPATH/Views/login.php on line 3.
 1 SYSTEMPATH/View/View.php(213): include()
 2 SYSTEMPATH/View/View.php(216): CodeIgniter\View\View->CodeIgniter\View\{closure}()
 3 SYSTEMPATH/Common.php(1184): CodeIgniter\View\View->render()
 4 APPPATH/Controllers/Login.php(10): view()
 5 SYSTEMPATH/CodeIgniter.php(934): App\Controllers\Login->index()
 6 SYSTEMPATH/CodeIgniter.php(499): CodeIgniter\CodeIgniter->runController()
 7 SYSTEMPATH/CodeIgniter.php(368): CodeIgniter\CodeIgniter->handleRequest()
 8 FCPATH/index.php(67): CodeIgniter\CodeIgniter->run()
CRITICAL - 2023-04-03 15:23:44 --> Call to undefined function form_open()
in APPPATH/Views/login.php on line 3.
 1 SYSTEMPATH/View/View.php(213): include()
 2 SYSTEMPATH/View/View.php(216): CodeIgniter\View\View->CodeIgniter\View\{closure}()
 3 SYSTEMPATH/Common.php(1184): CodeIgniter\View\View->render()
 4 APPPATH/Controllers/Login.php(10): view()
 5 SYSTEMPATH/CodeIgniter.php(934): App\Controllers\Login->index()
 6 SYSTEMPATH/CodeIgniter.php(499): CodeIgniter\CodeIgniter->runController()
 7 SYSTEMPATH/CodeIgniter.php(368): CodeIgniter\CodeIgniter->handleRequest()
 8 FCPATH/index.php(67): CodeIgniter\CodeIgniter->run()
CRITICAL - 2023-04-03 15:24:27 --> Call to undefined function form_open()
in APPPATH/Views/login.php on line 3.
 1 SYSTEMPATH/View/View.php(213): include()
 2 SYSTEMPATH/View/View.php(216): CodeIgniter\View\View->CodeIgniter\View\{closure}()
 3 SYSTEMPATH/Common.php(1184): CodeIgniter\View\View->render()
 4 APPPATH/Controllers/Login.php(22): view()
 5 SYSTEMPATH/CodeIgniter.php(934): App\Controllers\Login->check_login()
 6 SYSTEMPATH/CodeIgniter.php(499): CodeIgniter\CodeIgniter->runController()
 7 SYSTEMPATH/CodeIgniter.php(368): CodeIgniter\CodeIgniter->handleRequest()
 8 FCPATH/index.php(67): CodeIgniter\CodeIgniter->run()
CRITICAL - 2023-04-03 15:24:44 --> Call to undefined function form_open()
in APPPATH/Views/login.php on line 3.
 1 SYSTEMPATH/View/View.php(213): include()
 2 SYSTEMPATH/View/View.php(216): CodeIgniter\View\View->CodeIgniter\View\{closure}()
 3 SYSTEMPATH/Common.php(1184): CodeIgniter\View\View->render()
 4 APPPATH/Controllers/Login.php(10): view()
 5 SYSTEMPATH/CodeIgniter.php(934): App\Controllers\Login->index()
 6 SYSTEMPATH/CodeIgniter.php(499): CodeIgniter\CodeIgniter->runController()
 7 SYSTEMPATH/CodeIgniter.php(368): CodeIgniter\CodeIgniter->handleRequest()
 8 FCPATH/index.php(67): CodeIgniter\CodeIgniter->run()
CRITICAL - 2023-04-03 15:24:46 --> Call to undefined function form_open()
in APPPATH/Views/login.php on line 3.
 1 SYSTEMPATH/View/View.php(213): include()
 2 SYSTEMPATH/View/View.php(216): CodeIgniter\View\View->CodeIgniter\View\{closure}()
 3 SYSTEMPATH/Common.php(1184): CodeIgniter\View\View->render()
 4 APPPATH/Controllers/Login.php(10): view()
 5 SYSTEMPATH/CodeIgniter.php(934): App\Controllers\Login->index()
 6 SYSTEMPATH/CodeIgniter.php(499): CodeIgniter\CodeIgniter->runController()
 7 SYSTEMPATH/CodeIgniter.php(368): CodeIgniter\CodeIgniter->handleRequest()
 8 FCPATH/index.php(67): CodeIgniter\CodeIgniter->run()
CRITICAL - 2023-04-03 15:24:48 --> Call to undefined function form_open()
in APPPATH/Views/login.php on line 3.
 1 SYSTEMPATH/View/View.php(213): include()
 2 SYSTEMPATH/View/View.php(216): CodeIgniter\View\View->CodeIgniter\View\{closure}()
 3 SYSTEMPATH/Common.php(1184): CodeIgniter\View\View->render()
 4 APPPATH/Controllers/Login.php(10): view()
 5 SYSTEMPATH/CodeIgniter.php(934): App\Controllers\Login->index()
 6 SYSTEMPATH/CodeIgniter.php(499): CodeIgniter\CodeIgniter->runController()
 7 SYSTEMPATH/CodeIgniter.php(368): CodeIgniter\CodeIgniter->handleRequest()
 8 FCPATH/index.php(67): CodeIgniter\CodeIgniter->run()
CRITICAL - 2023-04-03 15:25:33 --> Undefined variable $rountes
in APPPATH/Config/Routes.php on line 34.
 1 APPPATH/Config/Routes.php(34): CodeIgniter\Debug\Exceptions->errorHandler()
 2 SYSTEMPATH/Router/RouteCollection.php(267): require('APPPATH/Config/Routes.php')
 3 SYSTEMPATH/CodeIgniter.php(802): CodeIgniter\Router\RouteCollection->loadRoutes()
 4 SYSTEMPATH/CodeIgniter.php(449): CodeIgniter\CodeIgniter->tryToRouteIt()
 5 SYSTEMPATH/CodeIgniter.php(368): CodeIgniter\CodeIgniter->handleRequest()
 6 FCPATH/index.php(67): CodeIgniter\CodeIgniter->run()
CRITICAL - 2023-04-03 15:26:05 --> Call to undefined function form_open()
in APPPATH/Views/login.php on line 3.
 1 SYSTEMPATH/View/View.php(213): include()
 2 SYSTEMPATH/View/View.php(216): CodeIgniter\View\View->CodeIgniter\View\{closure}()
 3 SYSTEMPATH/Common.php(1184): CodeIgniter\View\View->render()
 4 APPPATH/Controllers/Login.php(10): view()
 5 SYSTEMPATH/CodeIgniter.php(934): App\Controllers\Login->index()
 6 SYSTEMPATH/CodeIgniter.php(499): CodeIgniter\CodeIgniter->runController()
 7 SYSTEMPATH/CodeIgniter.php(368): CodeIgniter\CodeIgniter->handleRequest()
 8 FCPATH/index.php(67): CodeIgniter\CodeIgniter->run()
CRITICAL - 2023-04-03 15:26:24 --> Call to undefined function form_open()
in APPPATH/Views/login.php on line 3.
 1 SYSTEMPATH/View/View.php(213): include()
 2 SYSTEMPATH/View/View.php(216): CodeIgniter\View\View->CodeIgniter\View\{closure}()
 3 SYSTEMPATH/Common.php(1184): CodeIgniter\View\View->render()
 4 APPPATH/Controllers/Login.php(10): view()
 5 SYSTEMPATH/CodeIgniter.php(934): App\Controllers\Login->index()
 6 SYSTEMPATH/CodeIgniter.php(499): CodeIgniter\CodeIgniter->runController()
 7 SYSTEMPATH/CodeIgniter.php(368): CodeIgniter\CodeIgniter->handleRequest()
 8 FCPATH/index.php(67): CodeIgniter\CodeIgniter->run()
CRITICAL - 2023-04-03 15:26:51 --> Call to undefined function form_open()
in APPPATH/Views/login.php on line 3.
 1 SYSTEMPATH/View/View.php(213): include()
 2 SYSTEMPATH/View/View.php(216): CodeIgniter\View\View->CodeIgniter\View\{closure}()
 3 SYSTEMPATH/Common.php(1184): CodeIgniter\View\View->render()
 4 APPPATH/Controllers/Login.php(10): view()
 5 SYSTEMPATH/CodeIgniter.php(934): App\Controllers\Login->index()
 6 SYSTEMPATH/CodeIgniter.php(499): CodeIgniter\CodeIgniter->runController()
 7 SYSTEMPATH/CodeIgniter.php(368): CodeIgniter\CodeIgniter->handleRequest()
 8 FCPATH/index.php(67): CodeIgniter\CodeIgniter->run()
CRITICAL - 2023-04-03 15:26:53 --> Call to undefined function form_open()
in APPPATH/Views/login.php on line 3.
 1 SYSTEMPATH/View/View.php(213): include()
 2 SYSTEMPATH/View/View.php(216): CodeIgniter\View\View->CodeIgniter\View\{closure}()
 3 SYSTEMPATH/Common.php(1184): CodeIgniter\View\View->render()
 4 APPPATH/Controllers/Login.php(10): view()
 5 SYSTEMPATH/CodeIgniter.php(934): App\Controllers\Login->index()
 6 SYSTEMPATH/CodeIgniter.php(499): CodeIgniter\CodeIgniter->runController()
 7 SYSTEMPATH/CodeIgniter.php(368): CodeIgniter\CodeIgniter->handleRequest()
 8 FCPATH/index.php(67): CodeIgniter\CodeIgniter->run()
CRITICAL - 2023-04-03 15:26:58 --> Call to undefined function form_open()
in APPPATH/Views/login.php on line 3.
 1 SYSTEMPATH/View/View.php(213): include()
 2 SYSTEMPATH/View/View.php(216): CodeIgniter\View\View->CodeIgniter\View\{closure}()
 3 SYSTEMPATH/Common.php(1184): CodeIgniter\View\View->render()
 4 APPPATH/Controllers/Login.php(10): view()
 5 SYSTEMPATH/CodeIgniter.php(934): App\Controllers\Login->index()
 6 SYSTEMPATH/CodeIgniter.php(499): CodeIgniter\CodeIgniter->runController()
 7 SYSTEMPATH/CodeIgniter.php(368): CodeIgniter\CodeIgniter->handleRequest()
 8 FCPATH/index.php(67): CodeIgniter\CodeIgniter->run()
CRITICAL - 2023-04-03 15:27:03 --> Call to undefined function form_open()
in APPPATH/Views/login.php on line 3.
 1 SYSTEMPATH/View/View.php(213): include()
 2 SYSTEMPATH/View/View.php(216): CodeIgniter\View\View->CodeIgniter\View\{closure}()
 3 SYSTEMPATH/Common.php(1184): CodeIgniter\View\View->render()
 4 APPPATH/Controllers/Login.php(10): view()
 5 SYSTEMPATH/CodeIgniter.php(934): App\Controllers\Login->index()
 6 SYSTEMPATH/CodeIgniter.php(499): CodeIgniter\CodeIgniter->runController()
 7 SYSTEMPATH/CodeIgniter.php(368): CodeIgniter\CodeIgniter->handleRequest()
 8 FCPATH/index.php(67): CodeIgniter\CodeIgniter->run()
CRITICAL - 2023-04-03 15:27:29 --> Call to undefined function form_open()
in APPPATH/Views/login.php on line 3.
 1 SYSTEMPATH/View/View.php(213): include()
 2 SYSTEMPATH/View/View.php(216): CodeIgniter\View\View->CodeIgniter\View\{closure}()
 3 SYSTEMPATH/Common.php(1184): CodeIgniter\View\View->render()
 4 APPPATH/Controllers/Login.php(10): view()
 5 SYSTEMPATH/CodeIgniter.php(934): App\Controllers\Login->index()
 6 SYSTEMPATH/CodeIgniter.php(499): CodeIgniter\CodeIgniter->runController()
 7 SYSTEMPATH/CodeIgniter.php(368): CodeIgniter\CodeIgniter->handleRequest()
 8 FCPATH/index.php(67): CodeIgniter\CodeIgniter->run()
CRITICAL - 2023-04-03 15:31:01 --> Call to undefined function form_open()
in APPPATH/Views/login.php on line 3.
 1 SYSTEMPATH/View/View.php(213): include()
 2 SYSTEMPATH/View/View.php(216): CodeIgniter\View\View->CodeIgniter\View\{closure}()
 3 SYSTEMPATH/Common.php(1184): CodeIgniter\View\View->render()
 4 APPPATH/Controllers/Login.php(10): view()
 5 SYSTEMPATH/CodeIgniter.php(934): App\Controllers\Login->index()
 6 SYSTEMPATH/CodeIgniter.php(499): CodeIgniter\CodeIgniter->runController()
 7 SYSTEMPATH/CodeIgniter.php(368): CodeIgniter\CodeIgniter->handleRequest()
 8 FCPATH/index.php(67): CodeIgniter\CodeIgniter->run()
CRITICAL - 2023-04-03 15:39:03 --> Call to undefined function form_open()
in APPPATH/Views/login.php on line 3.
 1 SYSTEMPATH/View/View.php(213): include()
 2 SYSTEMPATH/View/View.php(216): CodeIgniter\View\View->CodeIgniter\View\{closure}()
 3 SYSTEMPATH/Common.php(1184): CodeIgniter\View\View->render()
 4 APPPATH/Controllers/Login.php(10): view()
 5 SYSTEMPATH/CodeIgniter.php(934): App\Controllers\Login->index()
 6 SYSTEMPATH/CodeIgniter.php(499): CodeIgniter\CodeIgniter->runController()
 7 SYSTEMPATH/CodeIgniter.php(368): CodeIgniter\CodeIgniter->handleRequest()
 8 FCPATH/index.php(67): CodeIgniter\CodeIgniter->run()
CRITICAL - 2023-04-03 15:39:27 --> Call to undefined function form_open()
in APPPATH/Views/login.php on line 3.
 1 SYSTEMPATH/View/View.php(213): include()
 2 SYSTEMPATH/View/View.php(216): CodeIgniter\View\View->CodeIgniter\View\{closure}()
 3 SYSTEMPATH/Common.php(1184): CodeIgniter\View\View->render()
 4 APPPATH/Controllers/Login.php(10): view()
 5 SYSTEMPATH/CodeIgniter.php(934): App\Controllers\Login->index()
 6 SYSTEMPATH/CodeIgniter.php(499): CodeIgniter\CodeIgniter->runController()
 7 SYSTEMPATH/CodeIgniter.php(368): CodeIgniter\CodeIgniter->handleRequest()
 8 FCPATH/index.php(67): CodeIgniter\CodeIgniter->run()
CRITICAL - 2023-04-03 15:39:29 --> Call to undefined function form_open()
in APPPATH/Views/login.php on line 3.
 1 SYSTEMPATH/View/View.php(213): include()
 2 SYSTEMPATH/View/View.php(216): CodeIgniter\View\View->CodeIgniter\View\{closure}()
 3 SYSTEMPATH/Common.php(1184): CodeIgniter\View\View->render()
 4 APPPATH/Controllers/Login.php(10): view()
 5 SYSTEMPATH/CodeIgniter.php(934): App\Controllers\Login->index()
 6 SYSTEMPATH/CodeIgniter.php(499): CodeIgniter\CodeIgniter->runController()
 7 SYSTEMPATH/CodeIgniter.php(368): CodeIgniter\CodeIgniter->handleRequest()
 8 FCPATH/index.php(67): CodeIgniter\CodeIgniter->run()
